<?xml version="1.0" encoding="utf-8"?>
<CoverageSession xmlns:xsd="http://www.w3.org/2001/XMLSchema" xmlns:xsi="http://www.w3.org/2001/XMLSchema-instance">
  <Summary numSequencePoints="1515" visitedSequencePoints="1043" numBranchPoints="806" visitedBranchPoints="513" sequenceCoverage="68.84" branchCoverage="63.65" maxCyclomaticComplexity="15" minCyclomaticComplexity="0" visitedClasses="49" numClasses="62" visitedMethods="287" numMethods="434" />
  <Modules>
    <Module skippedDueTo="Filter" hash="D9-A4-43-79-FA-F4-2A-B0-31-3A-20-A1-03-C5-E0-42-94-AB-99-28">
      <ModulePath>C:\WINDOWS\Microsoft.Net\assembly\GAC_64\mscorlib\v4.0_4.0.0.0__b77a5c561934e089\mscorlib.dll</ModulePath>
      <ModuleTime>2018-02-09T03:35:01.1681381Z</ModuleTime>
      <ModuleName>mscorlib</ModuleName>
      <Classes />
    </Module>
    <Module skippedDueTo="Filter" hash="35-A2-7C-CA-BF-AC-A8-6A-4C-BE-58-4E-60-57-E3-64-44-AD-E2-16">
      <ModulePath>D:\HOME\DELTA\UNITS\Delta.Units\packages\xunit.runner.console.2.3.1\tools\net452\xunit.console.exe</ModulePath>
      <ModuleTime>2017-10-27T03:34:48Z</ModuleTime>
      <ModuleName>xunit.console</ModuleName>
      <Classes />
    </Module>
    <Module skippedDueTo="Filter" hash="C3-D8-3E-87-AB-33-CA-6F-66-61-A7-D7-50-2C-CF-D9-C0-D1-9D-8D">
      <ModulePath>D:\HOME\DELTA\UNITS\Delta.Units\packages\xunit.runner.console.2.3.1\tools\net452\xunit.runner.utility.net452.dll</ModulePath>
      <ModuleTime>2017-10-27T03:34:48Z</ModuleTime>
      <ModuleName>xunit.runner.utility.net452</ModuleName>
      <Classes />
    </Module>
    <Module skippedDueTo="Filter" hash="90-BC-BE-B1-F2-84-BE-8F-78-5C-FB-A6-E3-66-B7-C7-F8-58-AF-D1">
      <ModulePath>D:\HOME\DELTA\UNITS\Delta.Units\packages\xunit.runner.console.2.3.1\tools\net452\xunit.abstractions.dll</ModulePath>
      <ModuleTime>2017-10-27T03:34:48Z</ModuleTime>
      <ModuleName>xunit.abstractions</ModuleName>
      <Classes />
    </Module>
    <Module skippedDueTo="Filter" hash="00-E4-8B-23-28-1E-7A-F6-0F-D2-F5-0F-0B-97-50-BC-55-63-B2-9D">
      <ModulePath>C:\WINDOWS\Microsoft.Net\assembly\GAC_MSIL\System.Core\v4.0_4.0.0.0__b77a5c561934e089\System.Core.dll</ModulePath>
      <ModuleTime>2018-02-02T03:36:02.9502864Z</ModuleTime>
      <ModuleName>System.Core</ModuleName>
      <Classes />
    </Module>
    <Module skippedDueTo="Filter" hash="AF-CB-39-96-5C-64-99-49-A5-B6-10-16-01-7E-5D-4D-D6-EC-C7-32">
      <ModulePath>D:\HOME\DELTA\UNITS\Delta.Units\packages\xunit.runner.console.2.3.1\tools\net452\xunit.runner.reporters.net452.dll</ModulePath>
      <ModuleTime>2017-10-27T03:34:48Z</ModuleTime>
      <ModuleName>xunit.runner.reporters.net452</ModuleName>
      <Classes />
    </Module>
    <Module skippedDueTo="Filter" hash="1E-BF-87-A2-61-B1-E2-B3-03-13-4A-72-15-75-13-FB-FE-2C-7E-57">
      <ModulePath>C:\WINDOWS\Microsoft.Net\assembly\GAC_MSIL\System.Net.Http\v4.0_4.0.0.0__b03f5f7f11d50a3a\System.Net.Http.dll</ModulePath>
      <ModuleTime>2017-09-29T13:43:06.8185861Z</ModuleTime>
      <ModuleName>System.Net.Http</ModuleName>
      <Classes />
    </Module>
    <Module skippedDueTo="Filter" hash="CB-7B-C7-A0-09-0F-BA-F4-8A-02-A9-E9-2A-7B-43-34-93-46-0F-58">
      <ModulePath>C:\WINDOWS\Microsoft.Net\assembly\GAC_MSIL\System\v4.0_4.0.0.0__b77a5c561934e089\System.dll</ModulePath>
      <ModuleTime>2017-09-29T13:43:06.7717063Z</ModuleTime>
      <ModuleName>System</ModuleName>
      <Classes />
    </Module>
    <Module skippedDueTo="Filter" hash="DC-F8-A3-B5-3C-D2-A2-92-BD-DE-4F-B9-C1-C6-59-24-2B-D3-FE-39">
      <ModulePath>C:\WINDOWS\Microsoft.Net\assembly\GAC_64\System.Web\v4.0_4.0.0.0__b03f5f7f11d50a3a\System.Web.dll</ModulePath>
      <ModuleTime>2018-02-09T03:34:33.7286998Z</ModuleTime>
      <ModuleName>System.Web</ModuleName>
      <Classes />
    </Module>
    <Module skippedDueTo="Filter" hash="8E-1A-4C-03-E2-36-64-CA-BB-90-3E-56-46-21-5E-FD-DA-FC-52-85">
      <ModulePath>C:\WINDOWS\Microsoft.Net\assembly\GAC_MSIL\mscorlib.resources\v4.0_4.0.0.0_fr_b77a5c561934e089\mscorlib.resources.dll</ModulePath>
      <ModuleTime>2017-09-30T14:39:30.6647231Z</ModuleTime>
      <ModuleName>mscorlib.resources</ModuleName>
      <Classes />
    </Module>
    <Module skippedDueTo="Filter" hash="62-13-DF-BA-4D-76-38-3A-FE-E9-5E-D8-6C-07-CC-1D-A2-DE-73-52">
      <ModulePath>C:\WINDOWS\Microsoft.Net\assembly\GAC_MSIL\System.Configuration\v4.0_4.0.0.0__b03f5f7f11d50a3a\System.Configuration.dll</ModulePath>
      <ModuleTime>2017-09-29T13:43:06.6154445Z</ModuleTime>
      <ModuleName>System.Configuration</ModuleName>
      <Classes />
    </Module>
    <Module skippedDueTo="Filter" hash="58-2A-4C-0C-25-69-3C-E5-E8-8F-0E-35-DB-19-D0-78-0E-D1-10-FA">
      <ModulePath>C:\WINDOWS\Microsoft.Net\assembly\GAC_MSIL\System.Xml\v4.0_4.0.0.0__b77a5c561934e089\System.Xml.dll</ModulePath>
      <ModuleTime>2017-12-22T03:10:39.7166266Z</ModuleTime>
      <ModuleName>System.Xml</ModuleName>
      <Classes />
    </Module>
    <Module skippedDueTo="Filter" hash="43-2E-6A-4E-42-C5-B5-A0-58-83-1D-BD-1D-A2-A9-F8-DD-95-24-D4">
      <ModulePath>C:\WINDOWS\Microsoft.Net\assembly\GAC_MSIL\System.Xml.Linq\v4.0_4.0.0.0__b77a5c561934e089\System.Xml.Linq.dll</ModulePath>
      <ModuleTime>2017-09-29T13:43:08.1155667Z</ModuleTime>
      <ModuleName>System.Xml.Linq</ModuleName>
      <Classes />
    </Module>
    <Module skippedDueTo="Filter" hash="C3-D8-3E-87-AB-33-CA-6F-66-61-A7-D7-50-2C-CF-D9-C0-D1-9D-8D">
      <ModulePath>C:\Users\odalet\AppData\Local\Temp\9c3d31c7-4726-4db8-ae8b-8bf61afd1b2a\9c3d31c7-4726-4db8-ae8b-8bf61afd1b2a\assembly\dl3\0c6bdba7\00bc0c8a_d44ed301\xunit.runner.utility.net452.dll</ModulePath>
      <ModuleTime>2018-04-02T13:45:17.5625601Z</ModuleTime>
      <ModuleName>xunit.runner.utility.net452</ModuleName>
      <Classes />
    </Module>
    <Module skippedDueTo="Filter" hash="00-E4-8B-23-28-1E-7A-F6-0F-D2-F5-0F-0B-97-50-BC-55-63-B2-9D">
      <ModulePath>C:\WINDOWS\Microsoft.Net\assembly\GAC_MSIL\System.Core\v4.0_4.0.0.0__b77a5c561934e089\System.Core.dll</ModulePath>
      <ModuleTime>2018-02-02T03:36:02.9502864Z</ModuleTime>
      <ModuleName>System.Core</ModuleName>
      <Classes />
    </Module>
    <Module skippedDueTo="Filter" hash="CB-7B-C7-A0-09-0F-BA-F4-8A-02-A9-E9-2A-7B-43-34-93-46-0F-58">
      <ModulePath>C:\WINDOWS\Microsoft.Net\assembly\GAC_MSIL\System\v4.0_4.0.0.0__b77a5c561934e089\System.dll</ModulePath>
      <ModuleTime>2017-09-29T13:43:06.7717063Z</ModuleTime>
      <ModuleName>System</ModuleName>
      <Classes />
    </Module>
    <Module skippedDueTo="Filter" hash="">
      <ModulePath>RefEmit_InMemoryManifestModule</ModulePath>
      <ModuleTime>0001-01-01T00:00:00</ModuleTime>
      <ModuleName>Anonymously Hosted DynamicMethods Assembly</ModuleName>
      <Classes />
    </Module>
    <Module skippedDueTo="Filter" hash="95-12-19-5B-2E-11-A3-BD-DC-97-1F-58-25-28-21-2F-5B-EF-31-70">
      <ModulePath>D:\HOME\DELTA\UNITS\Delta.Units\UnitTests\UnitTests.Delta.Units\bin\Debug\net471\UnitTests.Delta.Units.dll</ModulePath>
      <ModuleTime>2018-04-02T13:35:51.7091757Z</ModuleTime>
      <ModuleName>UnitTests.Delta.Units</ModuleName>
      <Classes />
    </Module>
    <Module skippedDueTo="Filter" hash="C3-D8-3E-87-AB-33-CA-6F-66-61-A7-D7-50-2C-CF-D9-C0-D1-9D-8D">
      <ModulePath>D:\HOME\DELTA\UNITS\Delta.Units\packages\xunit.runner.console.2.3.1\tools\net452\xunit.runner.utility.net452.dll</ModulePath>
      <ModuleTime>2017-10-27T03:34:48Z</ModuleTime>
      <ModuleName>xunit.runner.utility.net452</ModuleName>
      <Classes />
    </Module>
    <Module skippedDueTo="Filter" hash="61-48-84-C2-D1-D5-99-D6-62-AF-99-DC-EE-36-8C-D2-C9-20-16-EB">
      <ModulePath>D:\HOME\DELTA\UNITS\Delta.Units\UnitTests\UnitTests.Delta.Units\bin\Debug\net471\xunit.execution.desktop.dll</ModulePath>
      <ModuleTime>2017-10-27T03:34:44Z</ModuleTime>
      <ModuleName>xunit.execution.desktop</ModuleName>
      <Classes />
    </Module>
    <Module skippedDueTo="Filter" hash="9E-A9-5D-7F-86-82-4D-02-7D-07-AD-C0-17-06-5D-73-8F-1F-28-44">
      <ModulePath>D:\HOME\DELTA\UNITS\Delta.Units\UnitTests\UnitTests.Delta.Units\bin\Debug\net471\xunit.abstractions.dll</ModulePath>
      <ModuleTime>2016-08-09T06:37:58Z</ModuleTime>
      <ModuleName>xunit.abstractions</ModuleName>
      <Classes />
    </Module>
    <Module skippedDueTo="Filter" hash="CB-7B-C7-A0-09-0F-BA-F4-8A-02-A9-E9-2A-7B-43-34-93-46-0F-58">
      <ModulePath>C:\WINDOWS\Microsoft.Net\assembly\GAC_MSIL\System\v4.0_4.0.0.0__b77a5c561934e089\System.dll</ModulePath>
      <ModuleTime>2017-09-29T13:43:06.7717063Z</ModuleTime>
      <ModuleName>System</ModuleName>
      <Classes />
    </Module>
    <Module skippedDueTo="Filter" hash="95-12-19-5B-2E-11-A3-BD-DC-97-1F-58-25-28-21-2F-5B-EF-31-70">
      <ModulePath>D:\HOME\DELTA\UNITS\Delta.Units\UnitTests\UnitTests.Delta.Units\bin\Debug\net471\UnitTests.Delta.Units.dll</ModulePath>
      <ModuleTime>2018-04-02T13:35:51.7091757Z</ModuleTime>
      <ModuleName>UnitTests.Delta.Units</ModuleName>
      <Classes />
    </Module>
    <Module skippedDueTo="Filter" hash="35-A2-7C-CA-BF-AC-A8-6A-4C-BE-58-4E-60-57-E3-64-44-AD-E2-16">
      <ModulePath>D:\HOME\DELTA\UNITS\Delta.Units\packages\xunit.runner.console.2.3.1\tools\net452\xunit.console.exe</ModulePath>
      <ModuleTime>2017-10-27T03:34:48Z</ModuleTime>
      <ModuleName>xunit.console</ModuleName>
      <Classes />
    </Module>
    <Module skippedDueTo="Filter" hash="00-E4-8B-23-28-1E-7A-F6-0F-D2-F5-0F-0B-97-50-BC-55-63-B2-9D">
      <ModulePath>C:\WINDOWS\Microsoft.Net\assembly\GAC_MSIL\System.Core\v4.0_4.0.0.0__b77a5c561934e089\System.Core.dll</ModulePath>
      <ModuleTime>2018-02-02T03:36:02.9502864Z</ModuleTime>
      <ModuleName>System.Core</ModuleName>
      <Classes />
    </Module>
    <Module skippedDueTo="Filter" hash="A9-2D-37-71-85-86-25-78-29-7F-26-79-55-A6-E5-61-80-28-93-5F">
      <ModulePath>D:\HOME\DELTA\UNITS\Delta.Units\UnitTests\UnitTests.Delta.Units\bin\Debug\net471\xunit.core.dll</ModulePath>
      <ModuleTime>2017-10-27T03:34:40Z</ModuleTime>
      <ModuleName>xunit.core</ModuleName>
      <Classes />
    </Module>
    <Module skippedDueTo="Filter" hash="3B-8E-DA-68-AF-09-5C-45-40-48-7B-6A-94-0C-04-C0-1A-CC-E4-17">
      <ModulePath>C:\WINDOWS\Microsoft.Net\assembly\GAC_MSIL\System.Runtime\v4.0_4.0.0.0__b03f5f7f11d50a3a\System.Runtime.dll</ModulePath>
      <ModuleTime>2017-09-29T13:43:06.8185861Z</ModuleTime>
      <ModuleName>System.Runtime</ModuleName>
      <Classes />
    </Module>
    <Module skippedDueTo="Filter" hash="DB-77-50-FA-47-4E-59-59-A5-0A-50-19-2F-06-4B-B3-B1-74-61-AB">
      <ModulePath>C:\WINDOWS\Microsoft.Net\assembly\GAC_MSIL\System.Threading.Tasks\v4.0_4.0.0.0__b03f5f7f11d50a3a\System.Threading.Tasks.dll</ModulePath>
      <ModuleTime>2017-09-29T13:43:05.2872104Z</ModuleTime>
      <ModuleName>System.Threading.Tasks</ModuleName>
      <Classes />
    </Module>
    <Module skippedDueTo="Filter" hash="B8-80-E6-57-21-F6-EC-4D-8B-82-EB-25-D9-79-1A-57-B9-34-1C-02">
      <ModulePath>C:\WINDOWS\Microsoft.Net\assembly\GAC_MSIL\System.Collections\v4.0_4.0.0.0__b03f5f7f11d50a3a\System.Collections.dll</ModulePath>
      <ModuleTime>2017-09-29T13:43:09.6469357Z</ModuleTime>
      <ModuleName>System.Collections</ModuleName>
      <Classes />
    </Module>
    <Module hash="9A-25-47-43-95-6A-CE-14-2D-6E-BA-4F-12-B6-49-C6-58-FF-08-37">
      <Summary numSequencePoints="758" visitedSequencePoints="695" numBranchPoints="403" visitedBranchPoints="359" sequenceCoverage="91.69" branchCoverage="89.08" maxCyclomaticComplexity="15" minCyclomaticComplexity="0" visitedClasses="31" numClasses="31" visitedMethods="186" numMethods="217" />
      <ModulePath>D:\HOME\DELTA\UNITS\Delta.Units\UnitTests\UnitTests.Delta.Units\bin\Debug\net471\Delta.Units.dll</ModulePath>
      <ModuleTime>2018-04-02T13:35:49.454198Z</ModuleTime>
      <ModuleName>Delta.Units</ModuleName>
      <Files>
        <File uid="1" fullPath="D:\HOME\DELTA\UNITS\Delta.Units\Delta.Units\BaseDimensions.cs" />
        <File uid="2" fullPath="D:\HOME\DELTA\UNITS\Delta.Units\Delta.Units\Dimension.cs" />
        <File uid="4" fullPath="D:\HOME\DELTA\UNITS\Delta.Units\Delta.Units\DimensionFormula.cs" />
        <File uid="7" fullPath="D:\HOME\DELTA\UNITS\Delta.Units\Delta.Units\Extensions.cs" />
        <File uid="9" fullPath="D:\HOME\DELTA\UNITS\Delta.Units\Delta.Units\Helpers.cs" />
        <File uid="12" fullPath="D:\HOME\DELTA\UNITS\Delta.Units\Delta.Units\Quantity.cs" />
        <File uid="13" fullPath="D:\HOME\DELTA\UNITS\Delta.Units\Delta.Units\SpecialCharacters.cs" />
        <File uid="14" fullPath="D:\HOME\DELTA\UNITS\Delta.Units\Delta.Units\Unit.cs" />
        <File uid="20" fullPath="D:\HOME\DELTA\UNITS\Delta.Units\Delta.Units\Systems\Aliases.cs" />
        <File uid="21" fullPath="D:\HOME\DELTA\UNITS\Delta.Units\Delta.Units\Systems\Dimensionless.cs" />
        <File uid="22" fullPath="D:\HOME\DELTA\UNITS\Delta.Units\Delta.Units\Systems\SI.cs" />
        <File uid="23" fullPath="D:\HOME\DELTA\UNITS\Delta.Units\Delta.Units\Systems\SI.Area.cs" />
        <File uid="25" fullPath="D:\HOME\DELTA\UNITS\Delta.Units\Delta.Units\Systems\SI.Velocity.cs" />
        <File uid="26" fullPath="D:\HOME\DELTA\UNITS\Delta.Units\Delta.Units\Systems\SI.Volume.cs" />
        <File uid="28" fullPath="D:\HOME\DELTA\UNITS\Delta.Units\Delta.Units\Systems\SIPrefix.cs" />
        <File uid="29" fullPath="D:\HOME\DELTA\UNITS\Delta.Units\Delta.Units\Globalization\DefaultUnitTranslationProvider.cs" />
        <File uid="30" fullPath="D:\HOME\DELTA\UNITS\Delta.Units\Delta.Units\Globalization\QuantityFormatter.cs" />
        <File uid="31" fullPath="D:\HOME\DELTA\UNITS\Delta.Units\Delta.Units\Globalization\UnitFormatter.cs" />
      </Files>
      <Classes>
        <Class>
          <Summary numSequencePoints="0" visitedSequencePoints="0" numBranchPoints="0" visitedBranchPoints="0" sequenceCoverage="0" branchCoverage="0" maxCyclomaticComplexity="0" minCyclomaticComplexity="0" visitedClasses="0" numClasses="0" visitedMethods="0" numMethods="0" />
          <FullName>&lt;Module&gt;</FullName>
          <Methods />
        </Class>
        <Class>
          <Summary numSequencePoints="29" visitedSequencePoints="29" numBranchPoints="13" visitedBranchPoints="13" sequenceCoverage="100" branchCoverage="100" maxCyclomaticComplexity="1" minCyclomaticComplexity="1" visitedClasses="1" numClasses="1" visitedMethods="13" numMethods="13" />
          <FullName>Delta.Units.BaseDimensions</FullName>
          <Methods>
            <Method visited="true" cyclomaticComplexity="1" nPathComplexity="0" sequenceCoverage="100" branchCoverage="100" isConstructor="false" isStatic="true" isGetter="true" isSetter="false">
              <Summary numSequencePoints="1" visitedSequencePoints="1" numBranchPoints="1" visitedBranchPoints="1" sequenceCoverage="100" branchCoverage="100" maxCyclomaticComplexity="1" minCyclomaticComplexity="1" visitedClasses="0" numClasses="0" visitedMethods="1" numMethods="1" />
              <MetadataToken>100663298</MetadataToken>
              <Name>Delta.Units.Dimension[] Delta.Units.BaseDimensions::get_All()</Name>
              <FileRef uid="1" />
              <SequencePoints>
                <SequencePoint vc="1" uspid="1" ordinal="0" offset="0" sl="39" sc="41" el="39" ec="45" bec="0" bev="0" fileid="1" />
              </SequencePoints>
              <BranchPoints />
              <MethodPoint xsi:type="SequencePoint" vc="1" uspid="1" ordinal="0" offset="0" sl="39" sc="41" el="39" ec="45" bec="0" bev="0" fileid="1" />
            </Method>
            <Method visited="true" cyclomaticComplexity="1" nPathComplexity="0" sequenceCoverage="100" branchCoverage="100" isConstructor="false" isStatic="true" isGetter="true" isSetter="false">
              <Summary numSequencePoints="1" visitedSequencePoints="1" numBranchPoints="1" visitedBranchPoints="1" sequenceCoverage="100" branchCoverage="100" maxCyclomaticComplexity="1" minCyclomaticComplexity="1" visitedClasses="0" numClasses="0" visitedMethods="1" numMethods="1" />
              <MetadataToken>100663299</MetadataToken>
              <Name>Delta.Units.Dimension Delta.Units.BaseDimensions::get_Length()</Name>
              <FileRef uid="1" />
              <SequencePoints>
                <SequencePoint vc="55" uspid="2" ordinal="0" offset="0" sl="44" sc="42" el="44" ec="46" bec="0" bev="0" fileid="1" />
              </SequencePoints>
              <BranchPoints />
              <MethodPoint xsi:type="SequencePoint" vc="55" uspid="2" ordinal="0" offset="0" sl="44" sc="42" el="44" ec="46" bec="0" bev="0" fileid="1" />
            </Method>
            <Method visited="true" cyclomaticComplexity="1" nPathComplexity="0" sequenceCoverage="100" branchCoverage="100" isConstructor="false" isStatic="true" isGetter="true" isSetter="false">
              <Summary numSequencePoints="1" visitedSequencePoints="1" numBranchPoints="1" visitedBranchPoints="1" sequenceCoverage="100" branchCoverage="100" maxCyclomaticComplexity="1" minCyclomaticComplexity="1" visitedClasses="0" numClasses="0" visitedMethods="1" numMethods="1" />
              <MetadataToken>100663300</MetadataToken>
              <Name>Delta.Units.Dimension Delta.Units.BaseDimensions::get_Mass()</Name>
              <FileRef uid="1" />
              <SequencePoints>
                <SequencePoint vc="5" uspid="3" ordinal="0" offset="0" sl="49" sc="40" el="49" ec="44" bec="0" bev="0" fileid="1" />
              </SequencePoints>
              <BranchPoints />
              <MethodPoint xsi:type="SequencePoint" vc="5" uspid="3" ordinal="0" offset="0" sl="49" sc="40" el="49" ec="44" bec="0" bev="0" fileid="1" />
            </Method>
            <Method visited="true" cyclomaticComplexity="1" nPathComplexity="0" sequenceCoverage="100" branchCoverage="100" isConstructor="false" isStatic="true" isGetter="true" isSetter="false">
              <Summary numSequencePoints="1" visitedSequencePoints="1" numBranchPoints="1" visitedBranchPoints="1" sequenceCoverage="100" branchCoverage="100" maxCyclomaticComplexity="1" minCyclomaticComplexity="1" visitedClasses="0" numClasses="0" visitedMethods="1" numMethods="1" />
              <MetadataToken>100663301</MetadataToken>
              <Name>Delta.Units.Dimension Delta.Units.BaseDimensions::get_Time()</Name>
              <FileRef uid="1" />
              <SequencePoints>
                <SequencePoint vc="30" uspid="4" ordinal="0" offset="0" sl="54" sc="40" el="54" ec="44" bec="0" bev="0" fileid="1" />
              </SequencePoints>
              <BranchPoints />
              <MethodPoint xsi:type="SequencePoint" vc="30" uspid="4" ordinal="0" offset="0" sl="54" sc="40" el="54" ec="44" bec="0" bev="0" fileid="1" />
            </Method>
            <Method visited="true" cyclomaticComplexity="1" nPathComplexity="0" sequenceCoverage="100" branchCoverage="100" isConstructor="false" isStatic="true" isGetter="true" isSetter="false">
              <Summary numSequencePoints="1" visitedSequencePoints="1" numBranchPoints="1" visitedBranchPoints="1" sequenceCoverage="100" branchCoverage="100" maxCyclomaticComplexity="1" minCyclomaticComplexity="1" visitedClasses="0" numClasses="0" visitedMethods="1" numMethods="1" />
              <MetadataToken>100663302</MetadataToken>
              <Name>Delta.Units.Dimension Delta.Units.BaseDimensions::get_ElectricCurrent()</Name>
              <FileRef uid="1" />
              <SequencePoints>
                <SequencePoint vc="8" uspid="5" ordinal="0" offset="0" sl="59" sc="51" el="59" ec="55" bec="0" bev="0" fileid="1" />
              </SequencePoints>
              <BranchPoints />
              <MethodPoint xsi:type="SequencePoint" vc="8" uspid="5" ordinal="0" offset="0" sl="59" sc="51" el="59" ec="55" bec="0" bev="0" fileid="1" />
            </Method>
            <Method visited="true" cyclomaticComplexity="1" nPathComplexity="0" sequenceCoverage="100" branchCoverage="100" isConstructor="false" isStatic="true" isGetter="true" isSetter="false">
              <Summary numSequencePoints="1" visitedSequencePoints="1" numBranchPoints="1" visitedBranchPoints="1" sequenceCoverage="100" branchCoverage="100" maxCyclomaticComplexity="1" minCyclomaticComplexity="1" visitedClasses="0" numClasses="0" visitedMethods="1" numMethods="1" />
              <MetadataToken>100663303</MetadataToken>
              <Name>Delta.Units.Dimension Delta.Units.BaseDimensions::get_ThermodynamicTemperature()</Name>
              <FileRef uid="1" />
              <SequencePoints>
                <SequencePoint vc="4" uspid="6" ordinal="0" offset="0" sl="64" sc="60" el="64" ec="64" bec="0" bev="0" fileid="1" />
              </SequencePoints>
              <BranchPoints />
              <MethodPoint xsi:type="SequencePoint" vc="4" uspid="6" ordinal="0" offset="0" sl="64" sc="60" el="64" ec="64" bec="0" bev="0" fileid="1" />
            </Method>
            <Method visited="true" cyclomaticComplexity="1" nPathComplexity="0" sequenceCoverage="100" branchCoverage="100" isConstructor="false" isStatic="true" isGetter="true" isSetter="false">
              <Summary numSequencePoints="1" visitedSequencePoints="1" numBranchPoints="1" visitedBranchPoints="1" sequenceCoverage="100" branchCoverage="100" maxCyclomaticComplexity="1" minCyclomaticComplexity="1" visitedClasses="0" numClasses="0" visitedMethods="1" numMethods="1" />
              <MetadataToken>100663304</MetadataToken>
              <Name>Delta.Units.Dimension Delta.Units.BaseDimensions::get_AmountOfSubstance()</Name>
              <FileRef uid="1" />
              <SequencePoints>
                <SequencePoint vc="9" uspid="7" ordinal="0" offset="0" sl="69" sc="53" el="69" ec="57" bec="0" bev="0" fileid="1" />
              </SequencePoints>
              <BranchPoints />
              <MethodPoint xsi:type="SequencePoint" vc="9" uspid="7" ordinal="0" offset="0" sl="69" sc="53" el="69" ec="57" bec="0" bev="0" fileid="1" />
            </Method>
            <Method visited="true" cyclomaticComplexity="1" nPathComplexity="0" sequenceCoverage="100" branchCoverage="100" isConstructor="false" isStatic="true" isGetter="true" isSetter="false">
              <Summary numSequencePoints="1" visitedSequencePoints="1" numBranchPoints="1" visitedBranchPoints="1" sequenceCoverage="100" branchCoverage="100" maxCyclomaticComplexity="1" minCyclomaticComplexity="1" visitedClasses="0" numClasses="0" visitedMethods="1" numMethods="1" />
              <MetadataToken>100663305</MetadataToken>
              <Name>Delta.Units.Dimension Delta.Units.BaseDimensions::get_LuminousIntensity()</Name>
              <FileRef uid="1" />
              <SequencePoints>
                <SequencePoint vc="3" uspid="8" ordinal="0" offset="0" sl="74" sc="53" el="74" ec="57" bec="0" bev="0" fileid="1" />
              </SequencePoints>
              <BranchPoints />
              <MethodPoint xsi:type="SequencePoint" vc="3" uspid="8" ordinal="0" offset="0" sl="74" sc="53" el="74" ec="57" bec="0" bev="0" fileid="1" />
            </Method>
            <Method visited="true" cyclomaticComplexity="1" nPathComplexity="0" sequenceCoverage="100" branchCoverage="100" isConstructor="false" isStatic="true" isGetter="true" isSetter="false">
              <Summary numSequencePoints="1" visitedSequencePoints="1" numBranchPoints="1" visitedBranchPoints="1" sequenceCoverage="100" branchCoverage="100" maxCyclomaticComplexity="1" minCyclomaticComplexity="1" visitedClasses="0" numClasses="0" visitedMethods="1" numMethods="1" />
              <MetadataToken>100663306</MetadataToken>
              <Name>Delta.Units.Dimension Delta.Units.BaseDimensions::get_None()</Name>
              <FileRef uid="1" />
              <SequencePoints>
                <SequencePoint vc="29" uspid="9" ordinal="0" offset="0" sl="79" sc="40" el="79" ec="44" bec="0" bev="0" fileid="1" />
              </SequencePoints>
              <BranchPoints />
              <MethodPoint xsi:type="SequencePoint" vc="29" uspid="9" ordinal="0" offset="0" sl="79" sc="40" el="79" ec="44" bec="0" bev="0" fileid="1" />
            </Method>
            <Method visited="true" cyclomaticComplexity="1" nPathComplexity="0" sequenceCoverage="100" branchCoverage="100" isConstructor="false" isStatic="true" isGetter="true" isSetter="false">
              <Summary numSequencePoints="1" visitedSequencePoints="1" numBranchPoints="1" visitedBranchPoints="1" sequenceCoverage="100" branchCoverage="100" maxCyclomaticComplexity="1" minCyclomaticComplexity="1" visitedClasses="0" numClasses="0" visitedMethods="1" numMethods="1" />
              <MetadataToken>100663307</MetadataToken>
              <Name>System.Int32 Delta.Units.BaseDimensions::get_Count()</Name>
              <FileRef uid="1" />
              <SequencePoints>
                <SequencePoint vc="4609" uspid="10" ordinal="0" offset="0" sl="84" sc="37" el="84" ec="41" bec="0" bev="0" fileid="1" />
              </SequencePoints>
              <BranchPoints />
              <MethodPoint xsi:type="SequencePoint" vc="4609" uspid="10" ordinal="0" offset="0" sl="84" sc="37" el="84" ec="41" bec="0" bev="0" fileid="1" />
            </Method>
            <Method visited="true" cyclomaticComplexity="1" nPathComplexity="0" sequenceCoverage="100" branchCoverage="100" isConstructor="false" isStatic="true" isGetter="true" isSetter="false">
              <Summary numSequencePoints="1" visitedSequencePoints="1" numBranchPoints="1" visitedBranchPoints="1" sequenceCoverage="100" branchCoverage="100" maxCyclomaticComplexity="1" minCyclomaticComplexity="1" visitedClasses="0" numClasses="0" visitedMethods="1" numMethods="1" />
              <MetadataToken>100663308</MetadataToken>
              <Name>System.String[] Delta.Units.BaseDimensions::get_Symbols()</Name>
              <FileRef uid="1" />
              <SequencePoints>
                <SequencePoint vc="56" uspid="11" ordinal="0" offset="0" sl="89" sc="44" el="89" ec="48" bec="0" bev="0" fileid="1" />
              </SequencePoints>
              <BranchPoints />
              <MethodPoint xsi:type="SequencePoint" vc="56" uspid="11" ordinal="0" offset="0" sl="89" sc="44" el="89" ec="48" bec="0" bev="0" fileid="1" />
            </Method>
            <Method visited="true" cyclomaticComplexity="1" nPathComplexity="0" sequenceCoverage="100" branchCoverage="100" isConstructor="true" isStatic="true" isGetter="false" isSetter="false">
              <Summary numSequencePoints="14" visitedSequencePoints="14" numBranchPoints="1" visitedBranchPoints="1" sequenceCoverage="100" branchCoverage="100" maxCyclomaticComplexity="1" minCyclomaticComplexity="1" visitedClasses="0" numClasses="0" visitedMethods="1" numMethods="1" />
              <MetadataToken>100663297</MetadataToken>
              <Name>System.Void Delta.Units.BaseDimensions::.cctor()</Name>
              <FileRef uid="1" />
              <SequencePoints>
                <SequencePoint vc="1" uspid="12" ordinal="0" offset="0" sl="19" sc="9" el="19" ec="10" bec="0" bev="0" fileid="1" />
                <SequencePoint vc="1" uspid="13" ordinal="1" offset="1" sl="20" sc="13" el="20" ec="41" bec="0" bev="0" fileid="1" />
                <SequencePoint vc="1" uspid="14" ordinal="2" offset="11" sl="21" sc="13" el="21" ec="74" bec="0" bev="0" fileid="1" />
                <SequencePoint vc="1" uspid="15" ordinal="3" offset="86" sl="22" sc="13" el="22" ec="36" bec="0" bev="0" fileid="1" />
                <SequencePoint vc="1" uspid="16" ordinal="4" offset="98" sl="24" sc="13" el="24" ec="93" bec="0" bev="0" fileid="1" />
                <SequencePoint vc="1" uspid="17" ordinal="5" offset="134" sl="25" sc="13" el="25" ec="87" bec="0" bev="0" fileid="1" />
                <SequencePoint vc="1" uspid="18" ordinal="6" offset="170" sl="26" sc="13" el="26" ec="87" bec="0" bev="0" fileid="1" />
                <SequencePoint vc="1" uspid="19" ordinal="7" offset="206" sl="27" sc="13" el="27" ec="121" bec="0" bev="0" fileid="1" />
                <SequencePoint vc="1" uspid="20" ordinal="8" offset="242" sl="28" sc="13" el="28" ec="149" bec="0" bev="0" fileid="1" />
                <SequencePoint vc="1" uspid="21" ordinal="9" offset="278" sl="29" sc="13" el="29" ec="128" bec="0" bev="0" fileid="1" />
                <SequencePoint vc="1" uspid="22" ordinal="10" offset="314" sl="30" sc="13" el="30" ec="127" bec="0" bev="0" fileid="1" />
                <SequencePoint vc="1" uspid="23" ordinal="11" offset="350" sl="31" sc="13" el="31" ec="87" bec="0" bev="0" fileid="1" />
                <SequencePoint vc="1" uspid="24" ordinal="12" offset="386" sl="33" sc="13" el="33" ec="33" bec="0" bev="0" fileid="1" />
                <SequencePoint vc="1" uspid="25" ordinal="13" offset="401" sl="34" sc="9" el="34" ec="10" bec="0" bev="0" fileid="1" />
              </SequencePoints>
              <BranchPoints />
              <MethodPoint xsi:type="SequencePoint" vc="1" uspid="12" ordinal="0" offset="0" sl="19" sc="9" el="19" ec="10" bec="0" bev="0" fileid="1" />
            </Method>
            <Method visited="true" cyclomaticComplexity="1" nPathComplexity="0" sequenceCoverage="100" branchCoverage="100" isConstructor="false" isStatic="true" isGetter="false" isSetter="false">
              <Summary numSequencePoints="4" visitedSequencePoints="4" numBranchPoints="1" visitedBranchPoints="1" sequenceCoverage="100" branchCoverage="100" maxCyclomaticComplexity="1" minCyclomaticComplexity="1" visitedClasses="0" numClasses="0" visitedMethods="1" numMethods="1" />
              <MetadataToken>100663309</MetadataToken>
              <Name>Delta.Units.Dimension Delta.Units.BaseDimensions::Register(Delta.Units.Dimension)</Name>
              <FileRef uid="1" />
              <SequencePoints>
                <SequencePoint vc="8" uspid="26" ordinal="0" offset="0" sl="92" sc="9" el="92" ec="10" bec="0" bev="0" fileid="1" />
                <SequencePoint vc="8" uspid="27" ordinal="1" offset="1" sl="93" sc="13" el="93" ec="32" bec="0" bev="0" fileid="1" />
                <SequencePoint vc="8" uspid="28" ordinal="2" offset="13" sl="94" sc="13" el="94" ec="30" bec="0" bev="0" fileid="1" />
                <SequencePoint vc="8" uspid="29" ordinal="3" offset="17" sl="95" sc="9" el="95" ec="10" bec="0" bev="0" fileid="1" />
              </SequencePoints>
              <BranchPoints />
              <MethodPoint xsi:type="SequencePoint" vc="8" uspid="26" ordinal="0" offset="0" sl="92" sc="9" el="92" ec="10" bec="0" bev="0" fileid="1" />
            </Method>
          </Methods>
        </Class>
        <Class>
          <Summary numSequencePoints="56" visitedSequencePoints="56" numBranchPoints="39" visitedBranchPoints="39" sequenceCoverage="100" branchCoverage="100" maxCyclomaticComplexity="4" minCyclomaticComplexity="1" visitedClasses="1" numClasses="1" visitedMethods="15" numMethods="15" />
          <FullName>Delta.Units.Dimension</FullName>
          <Methods>
            <Method visited="true" cyclomaticComplexity="1" nPathComplexity="0" sequenceCoverage="100" branchCoverage="100" isConstructor="false" isStatic="false" isGetter="true" isSetter="false">
              <Summary numSequencePoints="1" visitedSequencePoints="1" numBranchPoints="1" visitedBranchPoints="1" sequenceCoverage="100" branchCoverage="100" maxCyclomaticComplexity="1" minCyclomaticComplexity="1" visitedClasses="0" numClasses="0" visitedMethods="1" numMethods="1" />
              <MetadataToken>100663311</MetadataToken>
              <Name>System.String Delta.Units.Dimension::get_Name()</Name>
              <FileRef uid="2" />
              <SequencePoints>
                <SequencePoint vc="138" uspid="30" ordinal="0" offset="0" sl="28" sc="30" el="28" ec="34" bec="0" bev="0" fileid="2" />
              </SequencePoints>
              <BranchPoints />
              <MethodPoint xsi:type="SequencePoint" vc="138" uspid="30" ordinal="0" offset="0" sl="28" sc="30" el="28" ec="34" bec="0" bev="0" fileid="2" />
            </Method>
            <Method visited="true" cyclomaticComplexity="1" nPathComplexity="0" sequenceCoverage="100" branchCoverage="100" isConstructor="false" isStatic="false" isGetter="true" isSetter="false">
              <Summary numSequencePoints="1" visitedSequencePoints="1" numBranchPoints="1" visitedBranchPoints="1" sequenceCoverage="100" branchCoverage="100" maxCyclomaticComplexity="1" minCyclomaticComplexity="1" visitedClasses="0" numClasses="0" visitedMethods="1" numMethods="1" />
              <MetadataToken>100663312</MetadataToken>
              <Name>System.String Delta.Units.Dimension::get_Symbol()</Name>
              <FileRef uid="2" />
              <SequencePoints>
                <SequencePoint vc="140" uspid="31" ordinal="0" offset="0" sl="33" sc="32" el="33" ec="36" bec="0" bev="0" fileid="2" />
              </SequencePoints>
              <BranchPoints />
              <MethodPoint xsi:type="SequencePoint" vc="140" uspid="31" ordinal="0" offset="0" sl="33" sc="32" el="33" ec="36" bec="0" bev="0" fileid="2" />
            </Method>
            <Method visited="true" cyclomaticComplexity="1" nPathComplexity="0" sequenceCoverage="100" branchCoverage="100" isConstructor="false" isStatic="false" isGetter="true" isSetter="false">
              <Summary numSequencePoints="1" visitedSequencePoints="1" numBranchPoints="1" visitedBranchPoints="1" sequenceCoverage="100" branchCoverage="100" maxCyclomaticComplexity="1" minCyclomaticComplexity="1" visitedClasses="0" numClasses="0" visitedMethods="1" numMethods="1" />
              <MetadataToken>100663313</MetadataToken>
              <Name>Delta.Units.DimensionFormula Delta.Units.Dimension::get_Formula()</Name>
              <FileRef uid="2" />
              <SequencePoints>
                <SequencePoint vc="5577" uspid="32" ordinal="0" offset="0" sl="35" sc="45" el="35" ec="49" bec="0" bev="0" fileid="2" />
              </SequencePoints>
              <BranchPoints />
              <MethodPoint xsi:type="SequencePoint" vc="5577" uspid="32" ordinal="0" offset="0" sl="35" sc="45" el="35" ec="49" bec="0" bev="0" fileid="2" />
            </Method>
            <Method visited="true" cyclomaticComplexity="4" nPathComplexity="2" sequenceCoverage="100" branchCoverage="100" isConstructor="true" isStatic="false" isGetter="false" isSetter="false">
              <Summary numSequencePoints="6" visitedSequencePoints="6" numBranchPoints="3" visitedBranchPoints="3" sequenceCoverage="100" branchCoverage="100" maxCyclomaticComplexity="4" minCyclomaticComplexity="4" visitedClasses="0" numClasses="0" visitedMethods="1" numMethods="1" />
              <MetadataToken>100663310</MetadataToken>
              <Name>System.Void Delta.Units.Dimension::.ctor(System.String,System.String,Delta.Units.DimensionFormula)</Name>
              <FileRef uid="2" />
              <SequencePoints>
                <SequencePoint vc="91" uspid="33" ordinal="0" offset="0" sl="18" sc="9" el="18" ec="81" bec="0" bev="0" fileid="2" />
                <SequencePoint vc="91" uspid="34" ordinal="1" offset="7" sl="19" sc="9" el="19" ec="10" bec="0" bev="0" fileid="2" />
                <SequencePoint vc="91" uspid="35" ordinal="2" offset="8" sl="20" sc="13" el="20" ec="25" bec="0" bev="0" fileid="2" />
                <SequencePoint vc="91" uspid="36" ordinal="3" offset="15" sl="21" sc="13" el="21" ec="29" bec="0" bev="0" fileid="2" />
                <SequencePoint vc="91" uspid="37" ordinal="4" offset="22" sl="22" sc="13" el="22" ec="86" bec="2" bev="2" fileid="2" />
                <SequencePoint vc="91" uspid="38" ordinal="5" offset="75" sl="23" sc="9" el="23" ec="10" bec="0" bev="0" fileid="2" />
              </SequencePoints>
              <BranchPoints>
                <BranchPoint vc="79" uspid="41" ordinal="2" offset="60" sl="22" path="0" offsetend="62" fileid="2" />
                <BranchPoint vc="12" uspid="42" ordinal="3" offset="60" sl="22" path="1" offsetend="65" fileid="2" />
              </BranchPoints>
              <MethodPoint xsi:type="SequencePoint" vc="91" uspid="33" ordinal="0" offset="0" sl="18" sc="9" el="18" ec="81" bec="0" bev="0" fileid="2" />
            </Method>
            <Method visited="true" cyclomaticComplexity="4" nPathComplexity="2" sequenceCoverage="100" branchCoverage="100" isConstructor="false" isStatic="false" isGetter="false" isSetter="false">
              <Summary numSequencePoints="10" visitedSequencePoints="10" numBranchPoints="3" visitedBranchPoints="3" sequenceCoverage="100" branchCoverage="100" maxCyclomaticComplexity="4" minCyclomaticComplexity="4" visitedClasses="0" numClasses="0" visitedMethods="1" numMethods="1" />
              <MetadataToken>100663314</MetadataToken>
              <Name>Delta.Units.Dimension Delta.Units.Dimension::Pow(System.Int32)</Name>
              <FileRef uid="2" />
              <SequencePoints>
                <SequencePoint vc="18" uspid="43" ordinal="0" offset="0" sl="45" sc="9" el="45" ec="10" bec="0" bev="0" fileid="2" />
                <SequencePoint vc="18" uspid="44" ordinal="1" offset="1" sl="46" sc="13" el="46" ec="81" bec="0" bev="0" fileid="2" />
                <SequencePoint vc="18" uspid="45" ordinal="2" offset="51" sl="47" sc="13" el="47" ec="83" bec="0" bev="0" fileid="2" />
                <SequencePoint vc="18" uspid="46" ordinal="3" offset="101" sl="49" sc="13" el="49" ec="46" bec="0" bev="0" fileid="2" />
                <SequencePoint vc="18" uspid="47" ordinal="4" offset="113" sl="50" sc="18" el="50" ec="31" bec="0" bev="0" fileid="2" />
                <SequencePoint vc="144" uspid="48" ordinal="5" offset="117" sl="51" sc="17" el="51" ec="47" bec="0" bev="0" fileid="2" />
                <SequencePoint vc="144" uspid="49" ordinal="6" offset="144" sl="50" sc="59" el="50" ec="66" bec="0" bev="0" fileid="2" />
                <SequencePoint vc="162" uspid="50" ordinal="7" offset="148" sl="50" sc="33" el="50" ec="57" bec="2" bev="2" fileid="2" />
                <SequencePoint vc="18" uspid="51" ordinal="8" offset="163" sl="53" sc="13" el="53" ec="66" bec="0" bev="0" fileid="2" />
                <SequencePoint vc="18" uspid="52" ordinal="9" offset="175" sl="54" sc="9" el="54" ec="10" bec="0" bev="0" fileid="2" />
              </SequencePoints>
              <BranchPoints>
                <BranchPoint vc="18" uspid="57" ordinal="4" offset="161" sl="50" path="0" offsetend="163" fileid="2" />
                <BranchPoint vc="144" uspid="58" ordinal="5" offset="161" sl="50" path="1" offsetend="117" fileid="2" />
              </BranchPoints>
              <MethodPoint xsi:type="SequencePoint" vc="18" uspid="43" ordinal="0" offset="0" sl="45" sc="9" el="45" ec="10" bec="0" bev="0" fileid="2" />
            </Method>
            <Method visited="true" cyclomaticComplexity="3" nPathComplexity="4" sequenceCoverage="100" branchCoverage="100" isConstructor="false" isStatic="false" isGetter="false" isSetter="false">
              <Summary numSequencePoints="11" visitedSequencePoints="11" numBranchPoints="5" visitedBranchPoints="5" sequenceCoverage="100" branchCoverage="100" maxCyclomaticComplexity="3" minCyclomaticComplexity="3" visitedClasses="0" numClasses="0" visitedMethods="1" numMethods="1" />
              <MetadataToken>100663315</MetadataToken>
              <Name>Delta.Units.Dimension Delta.Units.Dimension::MultiplyBy(Delta.Units.Dimension)</Name>
              <FileRef uid="2" />
              <SequencePoints>
                <SequencePoint vc="26" uspid="59" ordinal="0" offset="0" sl="62" sc="9" el="62" ec="10" bec="0" bev="0" fileid="2" />
                <SequencePoint vc="26" uspid="60" ordinal="1" offset="1" sl="63" sc="13" el="63" ec="56" bec="2" bev="2" fileid="2" />
                <SequencePoint vc="26" uspid="61" ordinal="2" offset="12" sl="65" sc="13" el="65" ec="73" bec="0" bev="0" fileid="2" />
                <SequencePoint vc="26" uspid="62" ordinal="3" offset="25" sl="66" sc="13" el="66" ec="77" bec="0" bev="0" fileid="2" />
                <SequencePoint vc="26" uspid="63" ordinal="4" offset="38" sl="68" sc="13" el="68" ec="46" bec="0" bev="0" fileid="2" />
                <SequencePoint vc="26" uspid="64" ordinal="5" offset="50" sl="69" sc="18" el="69" ec="31" bec="0" bev="0" fileid="2" />
                <SequencePoint vc="208" uspid="65" ordinal="6" offset="55" sl="70" sc="17" el="70" ec="61" bec="0" bev="0" fileid="2" />
                <SequencePoint vc="208" uspid="66" ordinal="7" offset="95" sl="69" sc="59" el="69" ec="66" bec="0" bev="0" fileid="2" />
                <SequencePoint vc="234" uspid="67" ordinal="8" offset="101" sl="69" sc="33" el="69" ec="57" bec="2" bev="2" fileid="2" />
                <SequencePoint vc="26" uspid="68" ordinal="9" offset="117" sl="72" sc="13" el="72" ec="66" bec="0" bev="0" fileid="2" />
                <SequencePoint vc="26" uspid="69" ordinal="10" offset="129" sl="73" sc="9" el="73" ec="10" bec="0" bev="0" fileid="2" />
              </SequencePoints>
              <BranchPoints>
                <BranchPoint vc="2" uspid="70" ordinal="0" offset="3" sl="63" path="0" offsetend="5" fileid="2" />
                <BranchPoint vc="24" uspid="71" ordinal="1" offset="3" sl="63" path="1" offsetend="11" fileid="2" />
                <BranchPoint vc="26" uspid="72" ordinal="2" offset="115" sl="69" path="0" offsetend="117" fileid="2" />
                <BranchPoint vc="208" uspid="73" ordinal="3" offset="115" sl="69" path="1" offsetend="55" fileid="2" />
              </BranchPoints>
              <MethodPoint xsi:type="SequencePoint" vc="26" uspid="59" ordinal="0" offset="0" sl="62" sc="9" el="62" ec="10" bec="0" bev="0" fileid="2" />
            </Method>
            <Method visited="true" cyclomaticComplexity="3" nPathComplexity="4" sequenceCoverage="100" branchCoverage="100" isConstructor="false" isStatic="false" isGetter="false" isSetter="false">
              <Summary numSequencePoints="11" visitedSequencePoints="11" numBranchPoints="5" visitedBranchPoints="5" sequenceCoverage="100" branchCoverage="100" maxCyclomaticComplexity="3" minCyclomaticComplexity="3" visitedClasses="0" numClasses="0" visitedMethods="1" numMethods="1" />
              <MetadataToken>100663316</MetadataToken>
              <Name>Delta.Units.Dimension Delta.Units.Dimension::DivideBy(Delta.Units.Dimension)</Name>
              <FileRef uid="2" />
              <SequencePoints>
                <SequencePoint vc="39" uspid="74" ordinal="0" offset="0" sl="81" sc="9" el="81" ec="10" bec="0" bev="0" fileid="2" />
                <SequencePoint vc="39" uspid="75" ordinal="1" offset="1" sl="82" sc="13" el="82" ec="56" bec="2" bev="2" fileid="2" />
                <SequencePoint vc="39" uspid="76" ordinal="2" offset="12" sl="84" sc="13" el="84" ec="73" bec="0" bev="0" fileid="2" />
                <SequencePoint vc="39" uspid="77" ordinal="3" offset="25" sl="85" sc="13" el="85" ec="77" bec="0" bev="0" fileid="2" />
                <SequencePoint vc="39" uspid="78" ordinal="4" offset="38" sl="87" sc="13" el="87" ec="46" bec="0" bev="0" fileid="2" />
                <SequencePoint vc="39" uspid="79" ordinal="5" offset="50" sl="88" sc="18" el="88" ec="31" bec="0" bev="0" fileid="2" />
                <SequencePoint vc="312" uspid="80" ordinal="6" offset="55" sl="89" sc="17" el="89" ec="61" bec="0" bev="0" fileid="2" />
                <SequencePoint vc="312" uspid="81" ordinal="7" offset="95" sl="88" sc="59" el="88" ec="66" bec="0" bev="0" fileid="2" />
                <SequencePoint vc="351" uspid="82" ordinal="8" offset="101" sl="88" sc="33" el="88" ec="57" bec="2" bev="2" fileid="2" />
                <SequencePoint vc="39" uspid="83" ordinal="9" offset="117" sl="91" sc="13" el="91" ec="66" bec="0" bev="0" fileid="2" />
                <SequencePoint vc="39" uspid="84" ordinal="10" offset="129" sl="92" sc="9" el="92" ec="10" bec="0" bev="0" fileid="2" />
              </SequencePoints>
              <BranchPoints>
                <BranchPoint vc="1" uspid="85" ordinal="0" offset="3" sl="82" path="0" offsetend="5" fileid="2" />
                <BranchPoint vc="38" uspid="86" ordinal="1" offset="3" sl="82" path="1" offsetend="11" fileid="2" />
                <BranchPoint vc="39" uspid="87" ordinal="2" offset="115" sl="88" path="0" offsetend="117" fileid="2" />
                <BranchPoint vc="312" uspid="88" ordinal="3" offset="115" sl="88" path="1" offsetend="55" fileid="2" />
              </BranchPoints>
              <MethodPoint xsi:type="SequencePoint" vc="39" uspid="74" ordinal="0" offset="0" sl="81" sc="9" el="81" ec="10" bec="0" bev="0" fileid="2" />
            </Method>
            <Method visited="true" cyclomaticComplexity="3" nPathComplexity="4" sequenceCoverage="100" branchCoverage="100" isConstructor="false" isStatic="false" isGetter="false" isSetter="false">
              <Summary numSequencePoints="8" visitedSequencePoints="8" numBranchPoints="5" visitedBranchPoints="5" sequenceCoverage="100" branchCoverage="100" maxCyclomaticComplexity="3" minCyclomaticComplexity="3" visitedClasses="0" numClasses="0" visitedMethods="1" numMethods="1" />
              <MetadataToken>100663317</MetadataToken>
              <Name>System.Boolean Delta.Units.Dimension::Equals(System.Object)</Name>
              <FileRef uid="2" />
              <SequencePoints>
                <SequencePoint vc="887" uspid="89" ordinal="0" offset="0" sl="100" sc="9" el="100" ec="10" bec="0" bev="0" fileid="2" />
                <SequencePoint vc="887" uspid="90" ordinal="1" offset="1" sl="101" sc="13" el="101" ec="42" bec="0" bev="0" fileid="2" />
                <SequencePoint vc="887" uspid="91" ordinal="2" offset="8" sl="102" sc="13" el="102" ec="31" bec="2" bev="2" fileid="2" />
                <SequencePoint vc="798" uspid="92" ordinal="3" offset="16" sl="103" sc="17" el="103" ec="41" bec="0" bev="0" fileid="2" />
                <SequencePoint vc="89" uspid="93" ordinal="4" offset="30" sl="105" sc="13" el="105" ec="46" bec="2" bev="2" fileid="2" />
                <SequencePoint vc="55" uspid="94" ordinal="5" offset="38" sl="105" sc="47" el="105" ec="59" bec="0" bev="0" fileid="2" />
                <SequencePoint vc="34" uspid="95" ordinal="6" offset="42" sl="107" sc="13" el="107" ec="50" bec="0" bev="0" fileid="2" />
                <SequencePoint vc="887" uspid="96" ordinal="7" offset="62" sl="108" sc="9" el="108" ec="10" bec="0" bev="0" fileid="2" />
              </SequencePoints>
              <BranchPoints>
                <BranchPoint vc="798" uspid="97" ordinal="0" offset="14" sl="102" path="0" offsetend="16" fileid="2" />
                <BranchPoint vc="89" uspid="98" ordinal="1" offset="14" sl="102" path="1" offsetend="30" fileid="2" />
                <BranchPoint vc="55" uspid="99" ordinal="2" offset="36" sl="105" path="0" offsetend="38" fileid="2" />
                <BranchPoint vc="34" uspid="100" ordinal="3" offset="36" sl="105" path="1" offsetend="42" fileid="2" />
              </BranchPoints>
              <MethodPoint xsi:type="SequencePoint" vc="887" uspid="89" ordinal="0" offset="0" sl="100" sc="9" el="100" ec="10" bec="0" bev="0" fileid="2" />
            </Method>
            <Method visited="true" cyclomaticComplexity="1" nPathComplexity="0" sequenceCoverage="100" branchCoverage="100" isConstructor="false" isStatic="false" isGetter="false" isSetter="false">
              <Summary numSequencePoints="1" visitedSequencePoints="1" numBranchPoints="1" visitedBranchPoints="1" sequenceCoverage="100" branchCoverage="100" maxCyclomaticComplexity="1" minCyclomaticComplexity="1" visitedClasses="0" numClasses="0" visitedMethods="1" numMethods="1" />
              <MetadataToken>100663318</MetadataToken>
              <Name>System.Int32 Delta.Units.Dimension::GetHashCode()</Name>
              <FileRef uid="2" />
              <SequencePoints>
                <SequencePoint vc="6" uspid="101" ordinal="0" offset="0" sl="111" sc="46" el="111" ec="67" bec="0" bev="0" fileid="2" />
              </SequencePoints>
              <BranchPoints />
              <MethodPoint xsi:type="SequencePoint" vc="6" uspid="101" ordinal="0" offset="0" sl="111" sc="46" el="111" ec="67" bec="0" bev="0" fileid="2" />
            </Method>
            <Method visited="true" cyclomaticComplexity="2" nPathComplexity="2" sequenceCoverage="100" branchCoverage="100" isConstructor="false" isStatic="true" isGetter="false" isSetter="false">
              <Summary numSequencePoints="1" visitedSequencePoints="1" numBranchPoints="3" visitedBranchPoints="3" sequenceCoverage="100" branchCoverage="100" maxCyclomaticComplexity="2" minCyclomaticComplexity="2" visitedClasses="0" numClasses="0" visitedMethods="1" numMethods="1" />
              <MetadataToken>100663319</MetadataToken>
              <Name>Delta.Units.Dimension Delta.Units.Dimension::op_Multiply(Delta.Units.Dimension,Delta.Units.Dimension)</Name>
              <FileRef uid="2" />
              <SequencePoints>
                <SequencePoint vc="26" uspid="102" ordinal="0" offset="0" sl="119" sc="13" el="119" ec="60" bec="2" bev="2" fileid="2" />
              </SequencePoints>
              <BranchPoints>
                <BranchPoint vc="2" uspid="103" ordinal="0" offset="2" sl="119" path="0" offsetend="4" fileid="2" />
                <BranchPoint vc="24" uspid="104" ordinal="1" offset="2" sl="119" path="1" offsetend="10" fileid="2" />
              </BranchPoints>
              <MethodPoint xsi:type="SequencePoint" vc="26" uspid="102" ordinal="0" offset="0" sl="119" sc="13" el="119" ec="60" bec="2" bev="2" fileid="2" />
            </Method>
            <Method visited="true" cyclomaticComplexity="2" nPathComplexity="2" sequenceCoverage="100" branchCoverage="100" isConstructor="false" isStatic="true" isGetter="false" isSetter="false">
              <Summary numSequencePoints="1" visitedSequencePoints="1" numBranchPoints="3" visitedBranchPoints="3" sequenceCoverage="100" branchCoverage="100" maxCyclomaticComplexity="2" minCyclomaticComplexity="2" visitedClasses="0" numClasses="0" visitedMethods="1" numMethods="1" />
              <MetadataToken>100663320</MetadataToken>
              <Name>Delta.Units.Dimension Delta.Units.Dimension::op_Division(Delta.Units.Dimension,Delta.Units.Dimension)</Name>
              <FileRef uid="2" />
              <SequencePoints>
                <SequencePoint vc="39" uspid="105" ordinal="0" offset="0" sl="123" sc="13" el="123" ec="58" bec="2" bev="2" fileid="2" />
              </SequencePoints>
              <BranchPoints>
                <BranchPoint vc="1" uspid="106" ordinal="0" offset="2" sl="123" path="0" offsetend="4" fileid="2" />
                <BranchPoint vc="38" uspid="107" ordinal="1" offset="2" sl="123" path="1" offsetend="10" fileid="2" />
              </BranchPoints>
              <MethodPoint xsi:type="SequencePoint" vc="39" uspid="105" ordinal="0" offset="0" sl="123" sc="13" el="123" ec="58" bec="2" bev="2" fileid="2" />
            </Method>
            <Method visited="true" cyclomaticComplexity="2" nPathComplexity="2" sequenceCoverage="100" branchCoverage="100" isConstructor="false" isStatic="true" isGetter="false" isSetter="false">
              <Summary numSequencePoints="1" visitedSequencePoints="1" numBranchPoints="3" visitedBranchPoints="3" sequenceCoverage="100" branchCoverage="100" maxCyclomaticComplexity="2" minCyclomaticComplexity="2" visitedClasses="0" numClasses="0" visitedMethods="1" numMethods="1" />
              <MetadataToken>100663321</MetadataToken>
              <Name>Delta.Units.Dimension Delta.Units.Dimension::op_ExclusiveOr(Delta.Units.Dimension,System.Int32)</Name>
              <FileRef uid="2" />
              <SequencePoints>
                <SequencePoint vc="8" uspid="108" ordinal="0" offset="0" sl="137" sc="13" el="137" ec="61" bec="2" bev="2" fileid="2" />
              </SequencePoints>
              <BranchPoints>
                <BranchPoint vc="1" uspid="109" ordinal="0" offset="2" sl="137" path="0" offsetend="4" fileid="2" />
                <BranchPoint vc="7" uspid="110" ordinal="1" offset="2" sl="137" path="1" offsetend="10" fileid="2" />
              </BranchPoints>
              <MethodPoint xsi:type="SequencePoint" vc="8" uspid="108" ordinal="0" offset="0" sl="137" sc="13" el="137" ec="61" bec="2" bev="2" fileid="2" />
            </Method>
            <Method visited="true" cyclomaticComplexity="2" nPathComplexity="2" sequenceCoverage="100" branchCoverage="100" isConstructor="false" isStatic="true" isGetter="false" isSetter="false">
              <Summary numSequencePoints="1" visitedSequencePoints="1" numBranchPoints="3" visitedBranchPoints="3" sequenceCoverage="100" branchCoverage="100" maxCyclomaticComplexity="2" minCyclomaticComplexity="2" visitedClasses="0" numClasses="0" visitedMethods="1" numMethods="1" />
              <MetadataToken>100663322</MetadataToken>
              <Name>System.Boolean Delta.Units.Dimension::op_Equality(Delta.Units.Dimension,Delta.Units.Dimension)</Name>
              <FileRef uid="2" />
              <SequencePoints>
                <SequencePoint vc="876" uspid="111" ordinal="0" offset="0" sl="141" sc="13" el="141" ec="56" bec="2" bev="2" fileid="2" />
              </SequencePoints>
              <BranchPoints>
                <BranchPoint vc="8" uspid="112" ordinal="0" offset="2" sl="141" path="0" offsetend="4" fileid="2" />
                <BranchPoint vc="868" uspid="113" ordinal="1" offset="2" sl="141" path="1" offsetend="10" fileid="2" />
              </BranchPoints>
              <MethodPoint xsi:type="SequencePoint" vc="876" uspid="111" ordinal="0" offset="0" sl="141" sc="13" el="141" ec="56" bec="2" bev="2" fileid="2" />
            </Method>
            <Method visited="true" cyclomaticComplexity="1" nPathComplexity="0" sequenceCoverage="100" branchCoverage="100" isConstructor="false" isStatic="true" isGetter="false" isSetter="false">
              <Summary numSequencePoints="1" visitedSequencePoints="1" numBranchPoints="1" visitedBranchPoints="1" sequenceCoverage="100" branchCoverage="100" maxCyclomaticComplexity="1" minCyclomaticComplexity="1" visitedClasses="0" numClasses="0" visitedMethods="1" numMethods="1" />
              <MetadataToken>100663323</MetadataToken>
              <Name>System.Boolean Delta.Units.Dimension::op_Inequality(Delta.Units.Dimension,Delta.Units.Dimension)</Name>
              <FileRef uid="2" />
              <SequencePoints>
                <SequencePoint vc="1" uspid="114" ordinal="0" offset="0" sl="145" sc="13" el="145" ec="29" bec="0" bev="0" fileid="2" />
              </SequencePoints>
              <BranchPoints />
              <MethodPoint xsi:type="SequencePoint" vc="1" uspid="114" ordinal="0" offset="0" sl="145" sc="13" el="145" ec="29" bec="0" bev="0" fileid="2" />
            </Method>
            <Method visited="true" cyclomaticComplexity="2" nPathComplexity="0" sequenceCoverage="100" branchCoverage="100" isConstructor="false" isStatic="false" isGetter="false" isSetter="false">
              <Summary numSequencePoints="1" visitedSequencePoints="1" numBranchPoints="1" visitedBranchPoints="1" sequenceCoverage="100" branchCoverage="100" maxCyclomaticComplexity="2" minCyclomaticComplexity="2" visitedClasses="0" numClasses="0" visitedMethods="1" numMethods="1" />
              <MetadataToken>100663324</MetadataToken>
              <Name>System.String Delta.Units.Dimension::ToString()</Name>
              <FileRef uid="2" />
              <SequencePoints>
                <SequencePoint vc="18" uspid="115" ordinal="0" offset="0" sl="150" sc="46" el="150" ec="97" bec="0" bev="0" fileid="2" />
              </SequencePoints>
              <BranchPoints />
              <MethodPoint xsi:type="SequencePoint" vc="18" uspid="115" ordinal="0" offset="0" sl="150" sc="46" el="150" ec="97" bec="0" bev="0" fileid="2" />
            </Method>
          </Methods>
        </Class>
        <Class>
          <Summary numSequencePoints="1" visitedSequencePoints="1" numBranchPoints="1" visitedBranchPoints="1" sequenceCoverage="100" branchCoverage="100" maxCyclomaticComplexity="1" minCyclomaticComplexity="1" visitedClasses="1" numClasses="1" visitedMethods="1" numMethods="1" />
          <FullName>Delta.Units.Dimension/&lt;&gt;c</FullName>
          <Methods>
            <Method visited="true" cyclomaticComplexity="1" nPathComplexity="0" sequenceCoverage="0" branchCoverage="0" isConstructor="true" isStatic="true" isGetter="false" isSetter="false">
              <Summary numSequencePoints="0" visitedSequencePoints="0" numBranchPoints="0" visitedBranchPoints="0" sequenceCoverage="0" branchCoverage="0" maxCyclomaticComplexity="1" minCyclomaticComplexity="1" visitedClasses="0" numClasses="0" visitedMethods="0" numMethods="0" />
              <MetadataToken>100663480</MetadataToken>
              <Name>System.Void Delta.Units.Dimension/&lt;&gt;c::.cctor()</Name>
              <SequencePoints />
              <BranchPoints />
              <MethodPoint vc="1" uspid="118" ordinal="0" offset="0" />
            </Method>
            <Method visited="true" cyclomaticComplexity="1" nPathComplexity="0" sequenceCoverage="0" branchCoverage="0" isConstructor="true" isStatic="false" isGetter="false" isSetter="false">
              <Summary numSequencePoints="0" visitedSequencePoints="0" numBranchPoints="0" visitedBranchPoints="0" sequenceCoverage="0" branchCoverage="0" maxCyclomaticComplexity="1" minCyclomaticComplexity="1" visitedClasses="0" numClasses="0" visitedMethods="0" numMethods="0" />
              <MetadataToken>100663481</MetadataToken>
              <Name>System.Void Delta.Units.Dimension/&lt;&gt;c::.ctor()</Name>
              <SequencePoints />
              <BranchPoints />
              <MethodPoint vc="1" uspid="119" ordinal="0" offset="0" />
            </Method>
            <Method visited="true" cyclomaticComplexity="1" nPathComplexity="0" sequenceCoverage="100" branchCoverage="100" isConstructor="false" isStatic="false" isGetter="false" isSetter="false">
              <Summary numSequencePoints="1" visitedSequencePoints="1" numBranchPoints="1" visitedBranchPoints="1" sequenceCoverage="100" branchCoverage="100" maxCyclomaticComplexity="1" minCyclomaticComplexity="1" visitedClasses="0" numClasses="0" visitedMethods="1" numMethods="1" />
              <MetadataToken>100663482</MetadataToken>
              <Name>System.Boolean Delta.Units.Dimension/&lt;&gt;c::&lt;.ctor&gt;b__0_0(System.Int32)</Name>
              <FileRef uid="2" />
              <SequencePoints>
                <SequencePoint vc="259" uspid="120" ordinal="0" offset="0" sl="22" sc="42" el="22" ec="50" bec="0" bev="0" fileid="2" />
              </SequencePoints>
              <BranchPoints />
              <MethodPoint xsi:type="SequencePoint" vc="259" uspid="120" ordinal="0" offset="0" sl="22" sc="42" el="22" ec="50" bec="0" bev="0" fileid="2" />
            </Method>
          </Methods>
        </Class>
        <Class>
          <Summary numSequencePoints="8" visitedSequencePoints="8" numBranchPoints="1" visitedBranchPoints="1" sequenceCoverage="100" branchCoverage="100" maxCyclomaticComplexity="1" minCyclomaticComplexity="1" visitedClasses="1" numClasses="1" visitedMethods="1" numMethods="1" />
          <FullName>Delta.Units.DimensionFormulaIndices</FullName>
          <Methods>
            <Method visited="true" cyclomaticComplexity="1" nPathComplexity="0" sequenceCoverage="100" branchCoverage="100" isConstructor="true" isStatic="true" isGetter="false" isSetter="false">
              <Summary numSequencePoints="8" visitedSequencePoints="8" numBranchPoints="1" visitedBranchPoints="1" sequenceCoverage="100" branchCoverage="100" maxCyclomaticComplexity="1" minCyclomaticComplexity="1" visitedClasses="0" numClasses="0" visitedMethods="1" numMethods="1" />
              <MetadataToken>100663325</MetadataToken>
              <Name>System.Void Delta.Units.DimensionFormulaIndices::.cctor()</Name>
              <FileRef uid="4" />
              <SequencePoints>
                <SequencePoint vc="1" uspid="121" ordinal="0" offset="0" sl="10" sc="9" el="10" ec="42" bec="0" bev="0" fileid="4" />
                <SequencePoint vc="1" uspid="122" ordinal="1" offset="6" sl="11" sc="9" el="11" ec="42" bec="0" bev="0" fileid="4" />
                <SequencePoint vc="1" uspid="123" ordinal="2" offset="12" sl="12" sc="9" el="12" ec="42" bec="0" bev="0" fileid="4" />
                <SequencePoint vc="1" uspid="124" ordinal="3" offset="18" sl="13" sc="9" el="13" ec="42" bec="0" bev="0" fileid="4" />
                <SequencePoint vc="1" uspid="125" ordinal="4" offset="24" sl="14" sc="9" el="14" ec="43" bec="0" bev="0" fileid="4" />
                <SequencePoint vc="1" uspid="126" ordinal="5" offset="30" sl="15" sc="9" el="15" ec="42" bec="0" bev="0" fileid="4" />
                <SequencePoint vc="1" uspid="127" ordinal="6" offset="36" sl="16" sc="9" el="16" ec="42" bec="0" bev="0" fileid="4" />
                <SequencePoint vc="1" uspid="128" ordinal="7" offset="42" sl="17" sc="9" el="17" ec="42" bec="0" bev="0" fileid="4" />
              </SequencePoints>
              <BranchPoints />
              <MethodPoint xsi:type="SequencePoint" vc="1" uspid="121" ordinal="0" offset="0" sl="10" sc="9" el="10" ec="42" bec="0" bev="0" fileid="4" />
            </Method>
          </Methods>
        </Class>
        <Class>
          <Summary numSequencePoints="107" visitedSequencePoints="107" numBranchPoints="45" visitedBranchPoints="45" sequenceCoverage="100" branchCoverage="100" maxCyclomaticComplexity="5" minCyclomaticComplexity="1" visitedClasses="1" numClasses="1" visitedMethods="33" numMethods="33" />
          <FullName>Delta.Units.DimensionFormula</FullName>
          <Methods>
            <Method visited="true" cyclomaticComplexity="1" nPathComplexity="0" sequenceCoverage="100" branchCoverage="100" isConstructor="false" isStatic="true" isGetter="true" isSetter="false">
              <Summary numSequencePoints="1" visitedSequencePoints="1" numBranchPoints="1" visitedBranchPoints="1" sequenceCoverage="100" branchCoverage="100" maxCyclomaticComplexity="1" minCyclomaticComplexity="1" visitedClasses="0" numClasses="0" visitedMethods="1" numMethods="1" />
              <MetadataToken>100663326</MetadataToken>
              <Name>Delta.Units.DimensionFormula Delta.Units.DimensionFormula::get_Length()</Name>
              <FileRef uid="4" />
              <SequencePoints>
                <SequencePoint vc="1" uspid="129" ordinal="0" offset="0" sl="52" sc="49" el="52" ec="53" bec="0" bev="0" fileid="4" />
              </SequencePoints>
              <BranchPoints />
              <MethodPoint xsi:type="SequencePoint" vc="1" uspid="129" ordinal="0" offset="0" sl="52" sc="49" el="52" ec="53" bec="0" bev="0" fileid="4" />
            </Method>
            <Method visited="true" cyclomaticComplexity="1" nPathComplexity="0" sequenceCoverage="100" branchCoverage="100" isConstructor="false" isStatic="true" isGetter="true" isSetter="false">
              <Summary numSequencePoints="1" visitedSequencePoints="1" numBranchPoints="1" visitedBranchPoints="1" sequenceCoverage="100" branchCoverage="100" maxCyclomaticComplexity="1" minCyclomaticComplexity="1" visitedClasses="0" numClasses="0" visitedMethods="1" numMethods="1" />
              <MetadataToken>100663327</MetadataToken>
              <Name>Delta.Units.DimensionFormula Delta.Units.DimensionFormula::get_Mass()</Name>
              <FileRef uid="4" />
              <SequencePoints>
                <SequencePoint vc="1" uspid="130" ordinal="0" offset="0" sl="57" sc="47" el="57" ec="51" bec="0" bev="0" fileid="4" />
              </SequencePoints>
              <BranchPoints />
              <MethodPoint xsi:type="SequencePoint" vc="1" uspid="130" ordinal="0" offset="0" sl="57" sc="47" el="57" ec="51" bec="0" bev="0" fileid="4" />
            </Method>
            <Method visited="true" cyclomaticComplexity="1" nPathComplexity="0" sequenceCoverage="100" branchCoverage="100" isConstructor="false" isStatic="true" isGetter="true" isSetter="false">
              <Summary numSequencePoints="1" visitedSequencePoints="1" numBranchPoints="1" visitedBranchPoints="1" sequenceCoverage="100" branchCoverage="100" maxCyclomaticComplexity="1" minCyclomaticComplexity="1" visitedClasses="0" numClasses="0" visitedMethods="1" numMethods="1" />
              <MetadataToken>100663328</MetadataToken>
              <Name>Delta.Units.DimensionFormula Delta.Units.DimensionFormula::get_Time()</Name>
              <FileRef uid="4" />
              <SequencePoints>
                <SequencePoint vc="1" uspid="131" ordinal="0" offset="0" sl="62" sc="47" el="62" ec="51" bec="0" bev="0" fileid="4" />
              </SequencePoints>
              <BranchPoints />
              <MethodPoint xsi:type="SequencePoint" vc="1" uspid="131" ordinal="0" offset="0" sl="62" sc="47" el="62" ec="51" bec="0" bev="0" fileid="4" />
            </Method>
            <Method visited="true" cyclomaticComplexity="1" nPathComplexity="0" sequenceCoverage="100" branchCoverage="100" isConstructor="false" isStatic="true" isGetter="true" isSetter="false">
              <Summary numSequencePoints="1" visitedSequencePoints="1" numBranchPoints="1" visitedBranchPoints="1" sequenceCoverage="100" branchCoverage="100" maxCyclomaticComplexity="1" minCyclomaticComplexity="1" visitedClasses="0" numClasses="0" visitedMethods="1" numMethods="1" />
              <MetadataToken>100663329</MetadataToken>
              <Name>Delta.Units.DimensionFormula Delta.Units.DimensionFormula::get_ElectricCurrent()</Name>
              <FileRef uid="4" />
              <SequencePoints>
                <SequencePoint vc="1" uspid="132" ordinal="0" offset="0" sl="67" sc="58" el="67" ec="62" bec="0" bev="0" fileid="4" />
              </SequencePoints>
              <BranchPoints />
              <MethodPoint xsi:type="SequencePoint" vc="1" uspid="132" ordinal="0" offset="0" sl="67" sc="58" el="67" ec="62" bec="0" bev="0" fileid="4" />
            </Method>
            <Method visited="true" cyclomaticComplexity="1" nPathComplexity="0" sequenceCoverage="100" branchCoverage="100" isConstructor="false" isStatic="true" isGetter="true" isSetter="false">
              <Summary numSequencePoints="1" visitedSequencePoints="1" numBranchPoints="1" visitedBranchPoints="1" sequenceCoverage="100" branchCoverage="100" maxCyclomaticComplexity="1" minCyclomaticComplexity="1" visitedClasses="0" numClasses="0" visitedMethods="1" numMethods="1" />
              <MetadataToken>100663330</MetadataToken>
              <Name>Delta.Units.DimensionFormula Delta.Units.DimensionFormula::get_ThermodynamicTemperature()</Name>
              <FileRef uid="4" />
              <SequencePoints>
                <SequencePoint vc="1" uspid="133" ordinal="0" offset="0" sl="72" sc="67" el="72" ec="71" bec="0" bev="0" fileid="4" />
              </SequencePoints>
              <BranchPoints />
              <MethodPoint xsi:type="SequencePoint" vc="1" uspid="133" ordinal="0" offset="0" sl="72" sc="67" el="72" ec="71" bec="0" bev="0" fileid="4" />
            </Method>
            <Method visited="true" cyclomaticComplexity="1" nPathComplexity="0" sequenceCoverage="100" branchCoverage="100" isConstructor="false" isStatic="true" isGetter="true" isSetter="false">
              <Summary numSequencePoints="1" visitedSequencePoints="1" numBranchPoints="1" visitedBranchPoints="1" sequenceCoverage="100" branchCoverage="100" maxCyclomaticComplexity="1" minCyclomaticComplexity="1" visitedClasses="0" numClasses="0" visitedMethods="1" numMethods="1" />
              <MetadataToken>100663331</MetadataToken>
              <Name>Delta.Units.DimensionFormula Delta.Units.DimensionFormula::get_AmountOfSubstance()</Name>
              <FileRef uid="4" />
              <SequencePoints>
                <SequencePoint vc="1" uspid="134" ordinal="0" offset="0" sl="77" sc="60" el="77" ec="64" bec="0" bev="0" fileid="4" />
              </SequencePoints>
              <BranchPoints />
              <MethodPoint xsi:type="SequencePoint" vc="1" uspid="134" ordinal="0" offset="0" sl="77" sc="60" el="77" ec="64" bec="0" bev="0" fileid="4" />
            </Method>
            <Method visited="true" cyclomaticComplexity="1" nPathComplexity="0" sequenceCoverage="100" branchCoverage="100" isConstructor="false" isStatic="true" isGetter="true" isSetter="false">
              <Summary numSequencePoints="1" visitedSequencePoints="1" numBranchPoints="1" visitedBranchPoints="1" sequenceCoverage="100" branchCoverage="100" maxCyclomaticComplexity="1" minCyclomaticComplexity="1" visitedClasses="0" numClasses="0" visitedMethods="1" numMethods="1" />
              <MetadataToken>100663332</MetadataToken>
              <Name>Delta.Units.DimensionFormula Delta.Units.DimensionFormula::get_LuminousIntensity()</Name>
              <FileRef uid="4" />
              <SequencePoints>
                <SequencePoint vc="1" uspid="135" ordinal="0" offset="0" sl="82" sc="60" el="82" ec="64" bec="0" bev="0" fileid="4" />
              </SequencePoints>
              <BranchPoints />
              <MethodPoint xsi:type="SequencePoint" vc="1" uspid="135" ordinal="0" offset="0" sl="82" sc="60" el="82" ec="64" bec="0" bev="0" fileid="4" />
            </Method>
            <Method visited="true" cyclomaticComplexity="1" nPathComplexity="0" sequenceCoverage="100" branchCoverage="100" isConstructor="false" isStatic="true" isGetter="true" isSetter="false">
              <Summary numSequencePoints="1" visitedSequencePoints="1" numBranchPoints="1" visitedBranchPoints="1" sequenceCoverage="100" branchCoverage="100" maxCyclomaticComplexity="1" minCyclomaticComplexity="1" visitedClasses="0" numClasses="0" visitedMethods="1" numMethods="1" />
              <MetadataToken>100663333</MetadataToken>
              <Name>Delta.Units.DimensionFormula Delta.Units.DimensionFormula::get_None()</Name>
              <FileRef uid="4" />
              <SequencePoints>
                <SequencePoint vc="13" uspid="136" ordinal="0" offset="0" sl="87" sc="47" el="87" ec="51" bec="0" bev="0" fileid="4" />
              </SequencePoints>
              <BranchPoints />
              <MethodPoint xsi:type="SequencePoint" vc="13" uspid="136" ordinal="0" offset="0" sl="87" sc="47" el="87" ec="51" bec="0" bev="0" fileid="4" />
            </Method>
            <Method visited="true" cyclomaticComplexity="1" nPathComplexity="0" sequenceCoverage="100" branchCoverage="100" isConstructor="false" isStatic="false" isGetter="true" isSetter="false">
              <Summary numSequencePoints="1" visitedSequencePoints="1" numBranchPoints="1" visitedBranchPoints="1" sequenceCoverage="100" branchCoverage="100" maxCyclomaticComplexity="1" minCyclomaticComplexity="1" visitedClasses="0" numClasses="0" visitedMethods="1" numMethods="1" />
              <MetadataToken>100663335</MetadataToken>
              <Name>System.Int32 Delta.Units.DimensionFormula::get_Count()</Name>
              <FileRef uid="4" />
              <SequencePoints>
                <SequencePoint vc="3194" uspid="137" ordinal="0" offset="0" sl="94" sc="31" el="94" ec="47" bec="0" bev="0" fileid="4" />
              </SequencePoints>
              <BranchPoints />
              <MethodPoint xsi:type="SequencePoint" vc="3194" uspid="137" ordinal="0" offset="0" sl="94" sc="31" el="94" ec="47" bec="0" bev="0" fileid="4" />
            </Method>
            <Method visited="true" cyclomaticComplexity="1" nPathComplexity="0" sequenceCoverage="100" branchCoverage="100" isConstructor="false" isStatic="false" isGetter="true" isSetter="false">
              <Summary numSequencePoints="3" visitedSequencePoints="3" numBranchPoints="1" visitedBranchPoints="1" sequenceCoverage="100" branchCoverage="100" maxCyclomaticComplexity="1" minCyclomaticComplexity="1" visitedClasses="0" numClasses="0" visitedMethods="1" numMethods="1" />
              <MetadataToken>100663336</MetadataToken>
              <Name>System.Int32 Delta.Units.DimensionFormula::get_Item(System.Int32)</Name>
              <FileRef uid="4" />
              <SequencePoints>
                <SequencePoint vc="4951" uspid="138" ordinal="0" offset="0" sl="101" sc="17" el="101" ec="18" bec="0" bev="0" fileid="4" />
                <SequencePoint vc="4951" uspid="139" ordinal="1" offset="1" sl="101" sc="19" el="101" ec="43" bec="0" bev="0" fileid="4" />
                <SequencePoint vc="4951" uspid="140" ordinal="2" offset="12" sl="101" sc="44" el="101" ec="45" bec="0" bev="0" fileid="4" />
              </SequencePoints>
              <BranchPoints />
              <MethodPoint xsi:type="SequencePoint" vc="4951" uspid="138" ordinal="0" offset="0" sl="101" sc="17" el="101" ec="18" bec="0" bev="0" fileid="4" />
            </Method>
            <Method visited="true" cyclomaticComplexity="1" nPathComplexity="0" sequenceCoverage="100" branchCoverage="100" isConstructor="false" isStatic="false" isGetter="false" isSetter="true">
              <Summary numSequencePoints="3" visitedSequencePoints="3" numBranchPoints="1" visitedBranchPoints="1" sequenceCoverage="100" branchCoverage="100" maxCyclomaticComplexity="1" minCyclomaticComplexity="1" visitedClasses="0" numClasses="0" visitedMethods="1" numMethods="1" />
              <MetadataToken>100663337</MetadataToken>
              <Name>System.Void Delta.Units.DimensionFormula::set_Item(System.Int32,System.Int32)</Name>
              <FileRef uid="4" />
              <SequencePoints>
                <SequencePoint vc="664" uspid="141" ordinal="0" offset="0" sl="102" sc="17" el="102" ec="18" bec="0" bev="0" fileid="4" />
                <SequencePoint vc="664" uspid="142" ordinal="1" offset="1" sl="102" sc="19" el="102" ec="44" bec="0" bev="0" fileid="4" />
                <SequencePoint vc="664" uspid="143" ordinal="2" offset="10" sl="102" sc="45" el="102" ec="46" bec="0" bev="0" fileid="4" />
              </SequencePoints>
              <BranchPoints />
              <MethodPoint xsi:type="SequencePoint" vc="664" uspid="141" ordinal="0" offset="0" sl="102" sc="17" el="102" ec="18" bec="0" bev="0" fileid="4" />
            </Method>
            <Method visited="true" cyclomaticComplexity="1" nPathComplexity="0" sequenceCoverage="100" branchCoverage="100" isConstructor="false" isStatic="false" isGetter="true" isSetter="false">
              <Summary numSequencePoints="3" visitedSequencePoints="3" numBranchPoints="1" visitedBranchPoints="1" sequenceCoverage="100" branchCoverage="100" maxCyclomaticComplexity="1" minCyclomaticComplexity="1" visitedClasses="0" numClasses="0" visitedMethods="1" numMethods="1" />
              <MetadataToken>100663338</MetadataToken>
              <Name>System.Int32 Delta.Units.DimensionFormula::get_L()</Name>
              <FileRef uid="4" />
              <SequencePoints>
                <SequencePoint vc="1" uspid="144" ordinal="0" offset="0" sl="110" sc="17" el="110" ec="18" bec="0" bev="0" fileid="4" />
                <SequencePoint vc="1" uspid="145" ordinal="1" offset="1" sl="110" sc="19" el="110" ec="39" bec="0" bev="0" fileid="4" />
                <SequencePoint vc="1" uspid="146" ordinal="2" offset="16" sl="110" sc="40" el="110" ec="41" bec="0" bev="0" fileid="4" />
              </SequencePoints>
              <BranchPoints />
              <MethodPoint xsi:type="SequencePoint" vc="1" uspid="144" ordinal="0" offset="0" sl="110" sc="17" el="110" ec="18" bec="0" bev="0" fileid="4" />
            </Method>
            <Method visited="true" cyclomaticComplexity="1" nPathComplexity="0" sequenceCoverage="100" branchCoverage="100" isConstructor="false" isStatic="false" isGetter="false" isSetter="true">
              <Summary numSequencePoints="3" visitedSequencePoints="3" numBranchPoints="1" visitedBranchPoints="1" sequenceCoverage="100" branchCoverage="100" maxCyclomaticComplexity="1" minCyclomaticComplexity="1" visitedClasses="0" numClasses="0" visitedMethods="1" numMethods="1" />
              <MetadataToken>100663339</MetadataToken>
              <Name>System.Void Delta.Units.DimensionFormula::set_L(System.Int32)</Name>
              <FileRef uid="4" />
              <SequencePoints>
                <SequencePoint vc="1" uspid="147" ordinal="0" offset="0" sl="111" sc="17" el="111" ec="18" bec="0" bev="0" fileid="4" />
                <SequencePoint vc="1" uspid="148" ordinal="1" offset="1" sl="111" sc="19" el="111" ec="40" bec="0" bev="0" fileid="4" />
                <SequencePoint vc="1" uspid="149" ordinal="2" offset="14" sl="111" sc="41" el="111" ec="42" bec="0" bev="0" fileid="4" />
              </SequencePoints>
              <BranchPoints />
              <MethodPoint xsi:type="SequencePoint" vc="1" uspid="147" ordinal="0" offset="0" sl="111" sc="17" el="111" ec="18" bec="0" bev="0" fileid="4" />
            </Method>
            <Method visited="true" cyclomaticComplexity="1" nPathComplexity="0" sequenceCoverage="100" branchCoverage="100" isConstructor="false" isStatic="false" isGetter="true" isSetter="false">
              <Summary numSequencePoints="3" visitedSequencePoints="3" numBranchPoints="1" visitedBranchPoints="1" sequenceCoverage="100" branchCoverage="100" maxCyclomaticComplexity="1" minCyclomaticComplexity="1" visitedClasses="0" numClasses="0" visitedMethods="1" numMethods="1" />
              <MetadataToken>100663340</MetadataToken>
              <Name>System.Int32 Delta.Units.DimensionFormula::get_M()</Name>
              <FileRef uid="4" />
              <SequencePoints>
                <SequencePoint vc="1" uspid="150" ordinal="0" offset="0" sl="119" sc="17" el="119" ec="18" bec="0" bev="0" fileid="4" />
                <SequencePoint vc="1" uspid="151" ordinal="1" offset="1" sl="119" sc="19" el="119" ec="39" bec="0" bev="0" fileid="4" />
                <SequencePoint vc="1" uspid="152" ordinal="2" offset="16" sl="119" sc="40" el="119" ec="41" bec="0" bev="0" fileid="4" />
              </SequencePoints>
              <BranchPoints />
              <MethodPoint xsi:type="SequencePoint" vc="1" uspid="150" ordinal="0" offset="0" sl="119" sc="17" el="119" ec="18" bec="0" bev="0" fileid="4" />
            </Method>
            <Method visited="true" cyclomaticComplexity="1" nPathComplexity="0" sequenceCoverage="100" branchCoverage="100" isConstructor="false" isStatic="false" isGetter="false" isSetter="true">
              <Summary numSequencePoints="3" visitedSequencePoints="3" numBranchPoints="1" visitedBranchPoints="1" sequenceCoverage="100" branchCoverage="100" maxCyclomaticComplexity="1" minCyclomaticComplexity="1" visitedClasses="0" numClasses="0" visitedMethods="1" numMethods="1" />
              <MetadataToken>100663341</MetadataToken>
              <Name>System.Void Delta.Units.DimensionFormula::set_M(System.Int32)</Name>
              <FileRef uid="4" />
              <SequencePoints>
                <SequencePoint vc="1" uspid="153" ordinal="0" offset="0" sl="120" sc="17" el="120" ec="18" bec="0" bev="0" fileid="4" />
                <SequencePoint vc="1" uspid="154" ordinal="1" offset="1" sl="120" sc="19" el="120" ec="40" bec="0" bev="0" fileid="4" />
                <SequencePoint vc="1" uspid="155" ordinal="2" offset="14" sl="120" sc="41" el="120" ec="42" bec="0" bev="0" fileid="4" />
              </SequencePoints>
              <BranchPoints />
              <MethodPoint xsi:type="SequencePoint" vc="1" uspid="153" ordinal="0" offset="0" sl="120" sc="17" el="120" ec="18" bec="0" bev="0" fileid="4" />
            </Method>
            <Method visited="true" cyclomaticComplexity="1" nPathComplexity="0" sequenceCoverage="100" branchCoverage="100" isConstructor="false" isStatic="false" isGetter="true" isSetter="false">
[...]
                <SequencePoint vc="0" uspid="2033" ordinal="21" offset="175" sl="56" sc="13" el="56" ec="40" bec="0" bev="0" fileid="92" />
                <SequencePoint vc="0" uspid="2034" ordinal="22" offset="177" sl="57" sc="13" el="57" ec="14" bec="0" bev="0" fileid="92" />
                <SequencePoint vc="0" uspid="2035" ordinal="23" offset="178" sl="58" sc="17" el="58" ec="89" bec="0" bev="0" fileid="92" />
                <SequencePoint vc="4" uspid="2036" ordinal="24" offset="206" sl="60" sc="9" el="60" ec="10" bec="0" bev="0" fileid="92" />
              </SequencePoints>
              <BranchPoints>
                <BranchPoint vc="0" uspid="2037" ordinal="0" offset="7" sl="30" path="0" offsetend="9" fileid="92" />
                <BranchPoint vc="4" uspid="2038" ordinal="1" offset="7" sl="30" path="1" offsetend="20" fileid="92" />
                <BranchPoint vc="2" uspid="2039" ordinal="2" offset="36" sl="37" path="0" offsetend="38" fileid="92" />
                <BranchPoint vc="2" uspid="2040" ordinal="3" offset="36" sl="37" path="1" offsetend="44" fileid="92" />
                <BranchPoint vc="4" uspid="2041" ordinal="4" offset="71" sl="38" path="0" offsetend="73" fileid="92" />
                <BranchPoint vc="0" uspid="2042" ordinal="5" offset="71" sl="38" path="1" offsetend="113" fileid="92" />
                <BranchPoint vc="2" uspid="2043" ordinal="6" offset="100" sl="41" path="0" offsetend="102" fileid="92" />
                <BranchPoint vc="2" uspid="2044" ordinal="7" offset="100" sl="41" path="1" offsetend="107" fileid="92" />
              </BranchPoints>
              <MethodPoint xsi:type="SequencePoint" vc="4" uspid="2012" ordinal="0" offset="0" sl="29" sc="9" el="29" ec="10" bec="0" bev="0" fileid="92" />
            </Method>
            <Method visited="true" cyclomaticComplexity="4" nPathComplexity="4" sequenceCoverage="85.71" branchCoverage="60" isConstructor="false" isStatic="true" isGetter="false" isSetter="false">
              <Summary numSequencePoints="7" visitedSequencePoints="6" numBranchPoints="5" visitedBranchPoints="3" sequenceCoverage="85.71" branchCoverage="60" maxCyclomaticComplexity="4" minCyclomaticComplexity="4" visitedClasses="0" numClasses="0" visitedMethods="1" numMethods="1" />
              <MetadataToken>100663474</MetadataToken>
              <Name>System.String Delta.Units.Globalization.QuantityFormatter::Combine(System.String,System.String,System.Boolean)</Name>
              <FileRef uid="92" />
              <SequencePoints>
                <SequencePoint vc="4" uspid="2045" ordinal="0" offset="0" sl="63" sc="9" el="63" ec="10" bec="0" bev="0" fileid="92" />
                <SequencePoint vc="4" uspid="2046" ordinal="1" offset="1" sl="67" sc="13" el="67" ec="21" bec="2" bev="1" fileid="92" />
                <SequencePoint vc="0" uspid="2047" ordinal="2" offset="6" sl="68" sc="17" el="68" ec="43" bec="0" bev="0" fileid="92" />
                <SequencePoint vc="4" uspid="2048" ordinal="3" offset="33" sl="70" sc="13" el="70" ec="14" bec="0" bev="0" fileid="92" />
                <SequencePoint vc="4" uspid="2049" ordinal="4" offset="34" sl="71" sc="17" el="71" ec="71" bec="2" bev="1" fileid="92" />
                <SequencePoint vc="4" uspid="2050" ordinal="5" offset="60" sl="72" sc="17" el="72" ec="49" bec="0" bev="0" fileid="92" />
                <SequencePoint vc="4" uspid="2051" ordinal="6" offset="91" sl="74" sc="9" el="74" ec="10" bec="0" bev="0" fileid="92" />
              </SequencePoints>
              <BranchPoints>
                <BranchPoint vc="0" uspid="2052" ordinal="0" offset="4" sl="67" path="0" offsetend="6" fileid="92" />
                <BranchPoint vc="4" uspid="2053" ordinal="1" offset="4" sl="67" path="1" offsetend="33" fileid="92" />
                <BranchPoint vc="4" uspid="2054" ordinal="2" offset="45" sl="71" path="0" offsetend="47" fileid="92" />
                <BranchPoint vc="0" uspid="2055" ordinal="3" offset="45" sl="71" path="1" offsetend="54" fileid="92" />
              </BranchPoints>
              <MethodPoint xsi:type="SequencePoint" vc="4" uspid="2045" ordinal="0" offset="0" sl="63" sc="9" el="63" ec="10" bec="0" bev="0" fileid="92" />
            </Method>
          </Methods>
        </Class>
        <Class>
          <Summary numSequencePoints="15" visitedSequencePoints="15" numBranchPoints="17" visitedBranchPoints="16" sequenceCoverage="100" branchCoverage="94.12" maxCyclomaticComplexity="4" minCyclomaticComplexity="1" visitedClasses="1" numClasses="1" visitedMethods="5" numMethods="5" />
          <FullName>Delta.Units.Globalization.UnitFormatter</FullName>
          <Methods>
            <Method visited="true" cyclomaticComplexity="4" nPathComplexity="8" sequenceCoverage="100" branchCoverage="100" isConstructor="false" isStatic="true" isGetter="false" isSetter="false">
              <Summary numSequencePoints="8" visitedSequencePoints="8" numBranchPoints="7" visitedBranchPoints="7" sequenceCoverage="100" branchCoverage="100" maxCyclomaticComplexity="4" minCyclomaticComplexity="4" visitedClasses="0" numClasses="0" visitedMethods="1" numMethods="1" />
              <MetadataToken>100663475</MetadataToken>
              <Name>System.String Delta.Units.Globalization.UnitFormatter::Format(Delta.Units.Unit,System.String,System.IFormatProvider)</Name>
              <FileRef uid="93" />
              <SequencePoints>
                <SequencePoint vc="78" uspid="2056" ordinal="0" offset="0" sl="15" sc="9" el="15" ec="10" bec="0" bev="0" fileid="93" />
                <SequencePoint vc="78" uspid="2057" ordinal="1" offset="1" sl="16" sc="13" el="16" ec="46" bec="2" bev="2" fileid="93" />
                <SequencePoint vc="26" uspid="2058" ordinal="2" offset="11" sl="16" sc="47" el="16" ec="70" bec="0" bev="0" fileid="93" />
                <SequencePoint vc="78" uspid="2059" ordinal="3" offset="18" sl="17" sc="13" el="17" ec="47" bec="4" bev="4" fileid="93" />
                <SequencePoint vc="50" uspid="2060" ordinal="4" offset="53" sl="19" sc="36" el="19" ec="93" bec="0" bev="0" fileid="93" />
                <SequencePoint vc="26" uspid="2061" ordinal="5" offset="68" sl="20" sc="34" el="20" ec="89" bec="0" bev="0" fileid="93" />
                <SequencePoint vc="2" uspid="2062" ordinal="6" offset="83" sl="23" sc="13" el="23" ec="80" bec="0" bev="0" fileid="93" />
                <SequencePoint vc="76" uspid="2063" ordinal="7" offset="109" sl="24" sc="9" el="24" ec="10" bec="0" bev="0" fileid="93" />
              </SequencePoints>
              <BranchPoints>
                <BranchPoint vc="26" uspid="2064" ordinal="0" offset="9" sl="16" path="0" offsetend="11" fileid="93" />
                <BranchPoint vc="52" uspid="2065" ordinal="1" offset="9" sl="16" path="1" offsetend="18" fileid="93" />
                <BranchPoint vc="28" uspid="2066" ordinal="2" offset="36" sl="17" path="0" offsetend="38" fileid="93" />
                <BranchPoint vc="50" uspid="2067" ordinal="3" offset="36" sl="17" path="1" offsetend="53" fileid="93" />
                <BranchPoint vc="2" uspid="2068" ordinal="4" offset="49" sl="17" path="0" offsetchain="51" offsetend="83" fileid="93" />
                <BranchPoint vc="26" uspid="2069" ordinal="5" offset="49" sl="17" path="1" offsetend="68" fileid="93" />
              </BranchPoints>
              <MethodPoint xsi:type="SequencePoint" vc="78" uspid="2056" ordinal="0" offset="0" sl="15" sc="9" el="15" ec="10" bec="0" bev="0" fileid="93" />
            </Method>
            <Method visited="true" cyclomaticComplexity="2" nPathComplexity="2" sequenceCoverage="100" branchCoverage="100" isConstructor="false" isStatic="true" isGetter="false" isSetter="false">
              <Summary numSequencePoints="1" visitedSequencePoints="1" numBranchPoints="3" visitedBranchPoints="3" sequenceCoverage="100" branchCoverage="100" maxCyclomaticComplexity="2" minCyclomaticComplexity="2" visitedClasses="0" numClasses="0" visitedMethods="1" numMethods="1" />
              <MetadataToken>100663476</MetadataToken>
              <Name>System.String Delta.Units.Globalization.UnitFormatter::TranslateSymbol(Delta.Units.Unit,System.Globalization.CultureInfo)</Name>
              <FileRef uid="93" />
              <SequencePoints>
                <SequencePoint vc="50" uspid="2070" ordinal="0" offset="0" sl="27" sc="13" el="27" ec="83" bec="2" bev="2" fileid="93" />
              </SequencePoints>
              <BranchPoints>
                <BranchPoint vc="4" uspid="2071" ordinal="0" offset="2" sl="27" path="0" offsetend="4" fileid="93" />
                <BranchPoint vc="46" uspid="2072" ordinal="1" offset="2" sl="27" path="1" offsetend="10" fileid="93" />
              </BranchPoints>
              <MethodPoint xsi:type="SequencePoint" vc="50" uspid="2070" ordinal="0" offset="0" sl="27" sc="13" el="27" ec="83" bec="2" bev="2" fileid="93" />
            </Method>
            <Method visited="true" cyclomaticComplexity="2" nPathComplexity="2" sequenceCoverage="100" branchCoverage="100" isConstructor="false" isStatic="true" isGetter="false" isSetter="false">
              <Summary numSequencePoints="1" visitedSequencePoints="1" numBranchPoints="3" visitedBranchPoints="3" sequenceCoverage="100" branchCoverage="100" maxCyclomaticComplexity="2" minCyclomaticComplexity="2" visitedClasses="0" numClasses="0" visitedMethods="1" numMethods="1" />
              <MetadataToken>100663477</MetadataToken>
              <Name>System.String Delta.Units.Globalization.UnitFormatter::TranslateName(Delta.Units.Unit,System.Globalization.CultureInfo)</Name>
              <FileRef uid="93" />
              <SequencePoints>
                <SequencePoint vc="26" uspid="2073" ordinal="0" offset="0" sl="30" sc="13" el="30" ec="81" bec="2" bev="2" fileid="93" />
              </SequencePoints>
              <BranchPoints>
                <BranchPoint vc="2" uspid="2074" ordinal="0" offset="2" sl="30" path="0" offsetend="4" fileid="93" />
                <BranchPoint vc="24" uspid="2075" ordinal="1" offset="2" sl="30" path="1" offsetend="10" fileid="93" />
              </BranchPoints>
              <MethodPoint xsi:type="SequencePoint" vc="26" uspid="2073" ordinal="0" offset="0" sl="30" sc="13" el="30" ec="81" bec="2" bev="2" fileid="93" />
            </Method>
            <Method visited="true" cyclomaticComplexity="2" nPathComplexity="2" sequenceCoverage="100" branchCoverage="66.67" isConstructor="false" isStatic="true" isGetter="false" isSetter="false">
              <Summary numSequencePoints="4" visitedSequencePoints="4" numBranchPoints="3" visitedBranchPoints="2" sequenceCoverage="100" branchCoverage="66.67" maxCyclomaticComplexity="2" minCyclomaticComplexity="2" visitedClasses="0" numClasses="0" visitedMethods="1" numMethods="1" />
              <MetadataToken>100663478</MetadataToken>
              <Name>System.Globalization.CultureInfo Delta.Units.Globalization.UnitFormatter::GetCulture(System.IFormatProvider)</Name>
              <FileRef uid="93" />
              <SequencePoints>
                <SequencePoint vc="76" uspid="2076" ordinal="0" offset="0" sl="33" sc="9" el="33" ec="10" bec="0" bev="0" fileid="93" />
                <SequencePoint vc="76" uspid="2077" ordinal="1" offset="1" sl="34" sc="13" el="34" ec="57" bec="0" bev="0" fileid="93" />
                <SequencePoint vc="76" uspid="2078" ordinal="2" offset="8" sl="35" sc="13" el="35" ec="71" bec="2" bev="1" fileid="93" />
                <SequencePoint vc="76" uspid="2079" ordinal="3" offset="21" sl="36" sc="9" el="36" ec="10" bec="0" bev="0" fileid="93" />
              </SequencePoints>
              <BranchPoints>
                <BranchPoint vc="76" uspid="2080" ordinal="0" offset="10" sl="35" path="0" offsetend="12" fileid="93" />
                <BranchPoint vc="0" uspid="2081" ordinal="1" offset="10" sl="35" path="1" offsetend="18" fileid="93" />
              </BranchPoints>
              <MethodPoint xsi:type="SequencePoint" vc="76" uspid="2076" ordinal="0" offset="0" sl="33" sc="9" el="33" ec="10" bec="0" bev="0" fileid="93" />
            </Method>
            <Method visited="true" cyclomaticComplexity="1" nPathComplexity="0" sequenceCoverage="100" branchCoverage="100" isConstructor="true" isStatic="true" isGetter="false" isSetter="false">
              <Summary numSequencePoints="1" visitedSequencePoints="1" numBranchPoints="1" visitedBranchPoints="1" sequenceCoverage="100" branchCoverage="100" maxCyclomaticComplexity="1" minCyclomaticComplexity="1" visitedClasses="0" numClasses="0" visitedMethods="1" numMethods="1" />
              <MetadataToken>100663479</MetadataToken>
              <Name>System.Void Delta.Units.Globalization.UnitFormatter::.cctor()</Name>
              <FileRef uid="93" />
              <SequencePoints>
                <SequencePoint vc="1" uspid="2082" ordinal="0" offset="0" sl="12" sc="9" el="12" ec="91" bec="0" bev="0" fileid="93" />
              </SequencePoints>
              <BranchPoints />
              <MethodPoint xsi:type="SequencePoint" vc="1" uspid="2082" ordinal="0" offset="0" sl="12" sc="9" el="12" ec="91" bec="0" bev="0" fileid="93" />
            </Method>
          </Methods>
        </Class>
        <Class>
          <Summary numSequencePoints="0" visitedSequencePoints="0" numBranchPoints="0" visitedBranchPoints="0" sequenceCoverage="0" branchCoverage="0" maxCyclomaticComplexity="0" minCyclomaticComplexity="0" visitedClasses="0" numClasses="0" visitedMethods="0" numMethods="0" />
          <FullName>&lt;PrivateImplementationDetails&gt;</FullName>
          <Methods />
        </Class>
      </Classes>
    </Module>
    <Module skippedDueTo="Filter" hash="2B-F6-0D-75-F5-9B-50-26-FD-D6-01-AC-A4-17-75-21-09-09-63-0F">
      <ModulePath>C:\WINDOWS\Microsoft.Net\assembly\GAC_MSIL\System.Globalization\v4.0_4.0.0.0__b03f5f7f11d50a3a\System.Globalization.dll</ModulePath>
      <ModuleTime>2017-09-29T13:43:09.7094399Z</ModuleTime>
      <ModuleName>System.Globalization</ModuleName>
      <Classes />
    </Module>
    <Module skippedDueTo="Filter" hash="C3-D8-3E-87-AB-33-CA-6F-66-61-A7-D7-50-2C-CF-D9-C0-D1-9D-8D">
      <ModulePath>D:\HOME\DELTA\UNITS\Delta.Units\packages\xunit.runner.console.2.3.1\tools\net452\xunit.runner.utility.net452.dll</ModulePath>
      <ModuleTime>2017-10-27T03:34:48Z</ModuleTime>
      <ModuleName>xunit.runner.utility.net452</ModuleName>
      <Classes />
    </Module>
    <Module skippedDueTo="Filter" hash="61-48-84-C2-D1-D5-99-D6-62-AF-99-DC-EE-36-8C-D2-C9-20-16-EB">
      <ModulePath>D:\HOME\DELTA\UNITS\Delta.Units\UnitTests\UnitTests.Delta.Units.Globalization\bin\Debug\net471\xunit.execution.desktop.dll</ModulePath>
      <ModuleTime>2017-10-27T03:34:44Z</ModuleTime>
      <ModuleName>xunit.execution.desktop</ModuleName>
      <Classes />
    </Module>
    <Module skippedDueTo="Filter" hash="9E-A9-5D-7F-86-82-4D-02-7D-07-AD-C0-17-06-5D-73-8F-1F-28-44">
      <ModulePath>D:\HOME\DELTA\UNITS\Delta.Units\UnitTests\UnitTests.Delta.Units.Globalization\bin\Debug\net471\xunit.abstractions.dll</ModulePath>
      <ModuleTime>2016-08-09T06:37:58Z</ModuleTime>
      <ModuleName>xunit.abstractions</ModuleName>
      <Classes />
    </Module>
    <Module skippedDueTo="Filter" hash="CB-7B-C7-A0-09-0F-BA-F4-8A-02-A9-E9-2A-7B-43-34-93-46-0F-58">
      <ModulePath>C:\WINDOWS\Microsoft.Net\assembly\GAC_MSIL\System\v4.0_4.0.0.0__b77a5c561934e089\System.dll</ModulePath>
      <ModuleTime>2017-09-29T13:43:06.7717063Z</ModuleTime>
      <ModuleName>System</ModuleName>
      <Classes />
    </Module>
    <Module skippedDueTo="Filter" hash="49-53-C3-86-E8-E4-58-B7-40-39-A8-5A-C7-F6-8E-FC-A9-D5-D7-A7">
      <ModulePath>D:\HOME\DELTA\UNITS\Delta.Units\UnitTests\UnitTests.Delta.Units.Globalization\bin\Debug\net471\UnitTests.Delta.Units.Globalization.dll</ModulePath>
      <ModuleTime>2018-04-02T13:35:51.8802736Z</ModuleTime>
      <ModuleName>UnitTests.Delta.Units.Globalization</ModuleName>
      <Classes />
    </Module>
    <Module skippedDueTo="Filter" hash="35-A2-7C-CA-BF-AC-A8-6A-4C-BE-58-4E-60-57-E3-64-44-AD-E2-16">
      <ModulePath>D:\HOME\DELTA\UNITS\Delta.Units\packages\xunit.runner.console.2.3.1\tools\net452\xunit.console.exe</ModulePath>
      <ModuleTime>2017-10-27T03:34:48Z</ModuleTime>
      <ModuleName>xunit.console</ModuleName>
      <Classes />
    </Module>
    <Module skippedDueTo="Filter" hash="00-E4-8B-23-28-1E-7A-F6-0F-D2-F5-0F-0B-97-50-BC-55-63-B2-9D">
      <ModulePath>C:\WINDOWS\Microsoft.Net\assembly\GAC_MSIL\System.Core\v4.0_4.0.0.0__b77a5c561934e089\System.Core.dll</ModulePath>
      <ModuleTime>2018-02-02T03:36:02.9502864Z</ModuleTime>
      <ModuleName>System.Core</ModuleName>
      <Classes />
    </Module>
    <Module skippedDueTo="Filter" hash="A9-2D-37-71-85-86-25-78-29-7F-26-79-55-A6-E5-61-80-28-93-5F">
      <ModulePath>D:\HOME\DELTA\UNITS\Delta.Units\UnitTests\UnitTests.Delta.Units.Globalization\bin\Debug\net471\xunit.core.dll</ModulePath>
      <ModuleTime>2017-10-27T03:34:40Z</ModuleTime>
      <ModuleName>xunit.core</ModuleName>
      <Classes />
    </Module>
    <Module skippedDueTo="Filter" hash="3B-8E-DA-68-AF-09-5C-45-40-48-7B-6A-94-0C-04-C0-1A-CC-E4-17">
      <ModulePath>C:\WINDOWS\Microsoft.Net\assembly\GAC_MSIL\System.Runtime\v4.0_4.0.0.0__b03f5f7f11d50a3a\System.Runtime.dll</ModulePath>
      <ModuleTime>2017-09-29T13:43:06.8185861Z</ModuleTime>
      <ModuleName>System.Runtime</ModuleName>
      <Classes />
    </Module>
    <Module skippedDueTo="Filter" hash="DB-77-50-FA-47-4E-59-59-A5-0A-50-19-2F-06-4B-B3-B1-74-61-AB">
      <ModulePath>C:\WINDOWS\Microsoft.Net\assembly\GAC_MSIL\System.Threading.Tasks\v4.0_4.0.0.0__b03f5f7f11d50a3a\System.Threading.Tasks.dll</ModulePath>
      <ModuleTime>2017-09-29T13:43:05.2872104Z</ModuleTime>
      <ModuleName>System.Threading.Tasks</ModuleName>
      <Classes />
    </Module>
    <Module skippedDueTo="Filter" hash="B8-80-E6-57-21-F6-EC-4D-8B-82-EB-25-D9-79-1A-57-B9-34-1C-02">
      <ModulePath>C:\WINDOWS\Microsoft.Net\assembly\GAC_MSIL\System.Collections\v4.0_4.0.0.0__b03f5f7f11d50a3a\System.Collections.dll</ModulePath>
      <ModuleTime>2017-09-29T13:43:09.6469357Z</ModuleTime>
      <ModuleName>System.Collections</ModuleName>
      <Classes />
    </Module>
    <Module skippedDueTo="Filter" hash="BF-E5-4F-FE-CF-53-6A-47-B3-9C-83-FA-80-22-8A-DC-19-81-A7-C4">
      <ModulePath>D:\HOME\DELTA\UNITS\Delta.Units\UnitTests\UnitTests.Delta.Units.Globalization\bin\Debug\net471\xunit.assert.dll</ModulePath>
      <ModuleTime>2017-10-27T03:34:24Z</ModuleTime>
      <ModuleName>xunit.assert</ModuleName>
      <Classes />
    </Module>
    <Module skippedDueTo="Filter" hash="21-59-AC-88-18-CA-56-E3-97-F6-21-1C-A6-4B-11-5E-0D-89-3C-FB">
      <ModulePath>C:\WINDOWS\Microsoft.Net\assembly\GAC_MSIL\System.Linq\v4.0_4.0.0.0__b03f5f7f11d50a3a\System.Linq.dll</ModulePath>
      <ModuleTime>2017-09-29T13:43:07.9749307Z</ModuleTime>
      <ModuleName>System.Linq</ModuleName>
      <Classes />
    </Module>
    <Module skippedDueTo="Filter" hash="2B-F6-0D-75-F5-9B-50-26-FD-D6-01-AC-A4-17-75-21-09-09-63-0F">
      <ModulePath>C:\WINDOWS\Microsoft.Net\assembly\GAC_MSIL\System.Globalization\v4.0_4.0.0.0__b03f5f7f11d50a3a\System.Globalization.dll</ModulePath>
      <ModuleTime>2017-09-29T13:43:09.7094399Z</ModuleTime>
      <ModuleName>System.Globalization</ModuleName>
      <Classes />
    </Module>
    <Module skippedDueTo="Filter" hash="FD-BE-4C-2E-DE-D8-33-C6-DF-87-49-0B-42-FD-A3-97-14-36-45-AF">
      <ModulePath>C:\WINDOWS\Microsoft.Net\assembly\GAC_MSIL\System.Runtime.Extensions\v4.0_4.0.0.0__b03f5f7f11d50a3a\System.Runtime.Extensions.dll</ModulePath>
      <ModuleTime>2017-09-29T13:43:06.7404547Z</ModuleTime>
      <ModuleName>System.Runtime.Extensions</ModuleName>
      <Classes />
    </Module>
  </Modules>
</CoverageSession>